INFO:root:Directory: DirectoryInfo(name='.git', extension=None, is_directory=True, parent='/Users/antonkonycev/Library/Containers/Mail.Ru.DiskO.as/Data/Disk-O.as.mounts/banderas91@mail.ru-mailru/Geek/HW_Python/python_HW/')
INFO:root:Directory: DirectoryInfo(name='.pytest_cache', extension=None, is_directory=True, parent='/Users/antonkonycev/Library/Containers/Mail.Ru.DiskO.as/Data/Disk-O.as.mounts/banderas91@mail.ru-mailru/Geek/HW_Python/python_HW/')
INFO:root:Directory: DirectoryInfo(name='.vscode', extension=None, is_directory=True, parent='/Users/antonkonycev/Library/Containers/Mail.Ru.DiskO.as/Data/Disk-O.as.mounts/banderas91@mail.ru-mailru/Geek/HW_Python/python_HW/')
INFO:root:Directory: DirectoryInfo(name='HW12', extension=None, is_directory=True, parent='/Users/antonkonycev/Library/Containers/Mail.Ru.DiskO.as/Data/Disk-O.as.mounts/banderas91@mail.ru-mailru/Geek/HW_Python/python_HW/')
INFO:root:Directory: DirectoryInfo(name='HW_1', extension=None, is_directory=True, parent='/Users/antonkonycev/Library/Containers/Mail.Ru.DiskO.as/Data/Disk-O.as.mounts/banderas91@mail.ru-mailru/Geek/HW_Python/python_HW/')
INFO:root:Directory: DirectoryInfo(name='HW_10', extension=None, is_directory=True, parent='/Users/antonkonycev/Library/Containers/Mail.Ru.DiskO.as/Data/Disk-O.as.mounts/banderas91@mail.ru-mailru/Geek/HW_Python/python_HW/')
INFO:root:Directory: DirectoryInfo(name='HW_11', extension=None, is_directory=True, parent='/Users/antonkonycev/Library/Containers/Mail.Ru.DiskO.as/Data/Disk-O.as.mounts/banderas91@mail.ru-mailru/Geek/HW_Python/python_HW/')
INFO:root:Directory: DirectoryInfo(name='HW_13', extension=None, is_directory=True, parent='/Users/antonkonycev/Library/Containers/Mail.Ru.DiskO.as/Data/Disk-O.as.mounts/banderas91@mail.ru-mailru/Geek/HW_Python/python_HW/')
INFO:root:Directory: DirectoryInfo(name='HW_14', extension=None, is_directory=True, parent='/Users/antonkonycev/Library/Containers/Mail.Ru.DiskO.as/Data/Disk-O.as.mounts/banderas91@mail.ru-mailru/Geek/HW_Python/python_HW/')
INFO:root:Directory: DirectoryInfo(name='HW_15', extension=None, is_directory=True, parent='/Users/antonkonycev/Library/Containers/Mail.Ru.DiskO.as/Data/Disk-O.as.mounts/banderas91@mail.ru-mailru/Geek/HW_Python/python_HW/')
INFO:root:Directory: DirectoryInfo(name='HW_2', extension=None, is_directory=True, parent='/Users/antonkonycev/Library/Containers/Mail.Ru.DiskO.as/Data/Disk-O.as.mounts/banderas91@mail.ru-mailru/Geek/HW_Python/python_HW/')
INFO:root:Directory: DirectoryInfo(name='HW_3', extension=None, is_directory=True, parent='/Users/antonkonycev/Library/Containers/Mail.Ru.DiskO.as/Data/Disk-O.as.mounts/banderas91@mail.ru-mailru/Geek/HW_Python/python_HW/')
INFO:root:Directory: DirectoryInfo(name='HW_4', extension=None, is_directory=True, parent='/Users/antonkonycev/Library/Containers/Mail.Ru.DiskO.as/Data/Disk-O.as.mounts/banderas91@mail.ru-mailru/Geek/HW_Python/python_HW/')
INFO:root:Directory: DirectoryInfo(name='HW_5', extension=None, is_directory=True, parent='/Users/antonkonycev/Library/Containers/Mail.Ru.DiskO.as/Data/Disk-O.as.mounts/banderas91@mail.ru-mailru/Geek/HW_Python/python_HW/')
INFO:root:Directory: DirectoryInfo(name='HW_6', extension=None, is_directory=True, parent='/Users/antonkonycev/Library/Containers/Mail.Ru.DiskO.as/Data/Disk-O.as.mounts/banderas91@mail.ru-mailru/Geek/HW_Python/python_HW/')
INFO:root:Directory: DirectoryInfo(name='HW_7', extension=None, is_directory=True, parent='/Users/antonkonycev/Library/Containers/Mail.Ru.DiskO.as/Data/Disk-O.as.mounts/banderas91@mail.ru-mailru/Geek/HW_Python/python_HW/')
INFO:root:Directory: DirectoryInfo(name='HW_8', extension=None, is_directory=True, parent='/Users/antonkonycev/Library/Containers/Mail.Ru.DiskO.as/Data/Disk-O.as.mounts/banderas91@mail.ru-mailru/Geek/HW_Python/python_HW/')
INFO:root:Directory: DirectoryInfo(name='HW_9', extension=None, is_directory=True, parent='/Users/antonkonycev/Library/Containers/Mail.Ru.DiskO.as/Data/Disk-O.as.mounts/banderas91@mail.ru-mailru/Geek/HW_Python/python_HW/')
INFO:root:File: DirectoryInfo(name='.DS_Store', extension='', is_directory=False, parent='/Users/antonkonycev/Library/Containers/Mail.Ru.DiskO.as/Data/Disk-O.as.mounts/banderas91@mail.ru-mailru/Geek/HW_Python/python_HW/')
INFO:root:File: DirectoryInfo(name='README', extension='.md', is_directory=False, parent='/Users/antonkonycev/Library/Containers/Mail.Ru.DiskO.as/Data/Disk-O.as.mounts/banderas91@mail.ru-mailru/Geek/HW_Python/python_HW/')
INFO:root:Directory: DirectoryInfo(name='branches', extension=None, is_directory=True, parent='/Users/antonkonycev/Library/Containers/Mail.Ru.DiskO.as/Data/Disk-O.as.mounts/banderas91@mail.ru-mailru/Geek/HW_Python/python_HW/.git')
INFO:root:Directory: DirectoryInfo(name='hooks', extension=None, is_directory=True, parent='/Users/antonkonycev/Library/Containers/Mail.Ru.DiskO.as/Data/Disk-O.as.mounts/banderas91@mail.ru-mailru/Geek/HW_Python/python_HW/.git')
INFO:root:Directory: DirectoryInfo(name='info', extension=None, is_directory=True, parent='/Users/antonkonycev/Library/Containers/Mail.Ru.DiskO.as/Data/Disk-O.as.mounts/banderas91@mail.ru-mailru/Geek/HW_Python/python_HW/.git')
INFO:root:Directory: DirectoryInfo(name='logs', extension=None, is_directory=True, parent='/Users/antonkonycev/Library/Containers/Mail.Ru.DiskO.as/Data/Disk-O.as.mounts/banderas91@mail.ru-mailru/Geek/HW_Python/python_HW/.git')
INFO:root:Directory: DirectoryInfo(name='objects', extension=None, is_directory=True, parent='/Users/antonkonycev/Library/Containers/Mail.Ru.DiskO.as/Data/Disk-O.as.mounts/banderas91@mail.ru-mailru/Geek/HW_Python/python_HW/.git')
INFO:root:Directory: DirectoryInfo(name='refs', extension=None, is_directory=True, parent='/Users/antonkonycev/Library/Containers/Mail.Ru.DiskO.as/Data/Disk-O.as.mounts/banderas91@mail.ru-mailru/Geek/HW_Python/python_HW/.git')
INFO:root:File: DirectoryInfo(name='COMMIT_EDITMSG', extension='', is_directory=False, parent='/Users/antonkonycev/Library/Containers/Mail.Ru.DiskO.as/Data/Disk-O.as.mounts/banderas91@mail.ru-mailru/Geek/HW_Python/python_HW/.git')
INFO:root:File: DirectoryInfo(name='FETCH_HEAD', extension='', is_directory=False, parent='/Users/antonkonycev/Library/Containers/Mail.Ru.DiskO.as/Data/Disk-O.as.mounts/banderas91@mail.ru-mailru/Geek/HW_Python/python_HW/.git')
INFO:root:File: DirectoryInfo(name='FETCH_HEAD (MacBook-Pro-Anton', extension='.local conflicted copy 2023-06-26 17 22 32)', is_directory=False, parent='/Users/antonkonycev/Library/Containers/Mail.Ru.DiskO.as/Data/Disk-O.as.mounts/banderas91@mail.ru-mailru/Geek/HW_Python/python_HW/.git')
INFO:root:File: DirectoryInfo(name='HEAD', extension='', is_directory=False, parent='/Users/antonkonycev/Library/Containers/Mail.Ru.DiskO.as/Data/Disk-O.as.mounts/banderas91@mail.ru-mailru/Geek/HW_Python/python_HW/.git')
INFO:root:File: DirectoryInfo(name='ORIG_HEAD', extension='', is_directory=False, parent='/Users/antonkonycev/Library/Containers/Mail.Ru.DiskO.as/Data/Disk-O.as.mounts/banderas91@mail.ru-mailru/Geek/HW_Python/python_HW/.git')
INFO:root:File: DirectoryInfo(name='config', extension='', is_directory=False, parent='/Users/antonkonycev/Library/Containers/Mail.Ru.DiskO.as/Data/Disk-O.as.mounts/banderas91@mail.ru-mailru/Geek/HW_Python/python_HW/.git')
INFO:root:File: DirectoryInfo(name='description', extension='', is_directory=False, parent='/Users/antonkonycev/Library/Containers/Mail.Ru.DiskO.as/Data/Disk-O.as.mounts/banderas91@mail.ru-mailru/Geek/HW_Python/python_HW/.git')
INFO:root:File: DirectoryInfo(name='index', extension='', is_directory=False, parent='/Users/antonkonycev/Library/Containers/Mail.Ru.DiskO.as/Data/Disk-O.as.mounts/banderas91@mail.ru-mailru/Geek/HW_Python/python_HW/.git')
INFO:root:File: DirectoryInfo(name='packed-refs', extension='', is_directory=False, parent='/Users/antonkonycev/Library/Containers/Mail.Ru.DiskO.as/Data/Disk-O.as.mounts/banderas91@mail.ru-mailru/Geek/HW_Python/python_HW/.git')
INFO:root:File: DirectoryInfo(name='applypatch-msg', extension='.sample', is_directory=False, parent='/Users/antonkonycev/Library/Containers/Mail.Ru.DiskO.as/Data/Disk-O.as.mounts/banderas91@mail.ru-mailru/Geek/HW_Python/python_HW/.git/hooks')
INFO:root:File: DirectoryInfo(name='commit-msg', extension='.sample', is_directory=False, parent='/Users/antonkonycev/Library/Containers/Mail.Ru.DiskO.as/Data/Disk-O.as.mounts/banderas91@mail.ru-mailru/Geek/HW_Python/python_HW/.git/hooks')
INFO:root:File: DirectoryInfo(name='fsmonitor-watchman', extension='.sample', is_directory=False, parent='/Users/antonkonycev/Library/Containers/Mail.Ru.DiskO.as/Data/Disk-O.as.mounts/banderas91@mail.ru-mailru/Geek/HW_Python/python_HW/.git/hooks')
INFO:root:File: DirectoryInfo(name='post-update', extension='.sample', is_directory=False, parent='/Users/antonkonycev/Library/Containers/Mail.Ru.DiskO.as/Data/Disk-O.as.mounts/banderas91@mail.ru-mailru/Geek/HW_Python/python_HW/.git/hooks')
INFO:root:File: DirectoryInfo(name='pre-applypatch', extension='.sample', is_directory=False, parent='/Users/antonkonycev/Library/Containers/Mail.Ru.DiskO.as/Data/Disk-O.as.mounts/banderas91@mail.ru-mailru/Geek/HW_Python/python_HW/.git/hooks')
INFO:root:File: DirectoryInfo(name='pre-commit', extension='.sample', is_directory=False, parent='/Users/antonkonycev/Library/Containers/Mail.Ru.DiskO.as/Data/Disk-O.as.mounts/banderas91@mail.ru-mailru/Geek/HW_Python/python_HW/.git/hooks')
INFO:root:File: DirectoryInfo(name='pre-merge-commit', extension='.sample', is_directory=False, parent='/Users/antonkonycev/Library/Containers/Mail.Ru.DiskO.as/Data/Disk-O.as.mounts/banderas91@mail.ru-mailru/Geek/HW_Python/python_HW/.git/hooks')
INFO:root:File: DirectoryInfo(name='pre-push', extension='.sample', is_directory=False, parent='/Users/antonkonycev/Library/Containers/Mail.Ru.DiskO.as/Data/Disk-O.as.mounts/banderas91@mail.ru-mailru/Geek/HW_Python/python_HW/.git/hooks')
INFO:root:File: DirectoryInfo(name='pre-rebase', extension='.sample', is_directory=False, parent='/Users/antonkonycev/Library/Containers/Mail.Ru.DiskO.as/Data/Disk-O.as.mounts/banderas91@mail.ru-mailru/Geek/HW_Python/python_HW/.git/hooks')
INFO:root:File: DirectoryInfo(name='pre-receive', extension='.sample', is_directory=False, parent='/Users/antonkonycev/Library/Containers/Mail.Ru.DiskO.as/Data/Disk-O.as.mounts/banderas91@mail.ru-mailru/Geek/HW_Python/python_HW/.git/hooks')
INFO:root:File: DirectoryInfo(name='prepare-commit-msg', extension='.sample', is_directory=False, parent='/Users/antonkonycev/Library/Containers/Mail.Ru.DiskO.as/Data/Disk-O.as.mounts/banderas91@mail.ru-mailru/Geek/HW_Python/python_HW/.git/hooks')
INFO:root:File: DirectoryInfo(name='push-to-checkout', extension='.sample', is_directory=False, parent='/Users/antonkonycev/Library/Containers/Mail.Ru.DiskO.as/Data/Disk-O.as.mounts/banderas91@mail.ru-mailru/Geek/HW_Python/python_HW/.git/hooks')
INFO:root:File: DirectoryInfo(name='update', extension='.sample', is_directory=False, parent='/Users/antonkonycev/Library/Containers/Mail.Ru.DiskO.as/Data/Disk-O.as.mounts/banderas91@mail.ru-mailru/Geek/HW_Python/python_HW/.git/hooks')
INFO:root:File: DirectoryInfo(name='exclude', extension='', is_directory=False, parent='/Users/antonkonycev/Library/Containers/Mail.Ru.DiskO.as/Data/Disk-O.as.mounts/banderas91@mail.ru-mailru/Geek/HW_Python/python_HW/.git/info')
INFO:root:Directory: DirectoryInfo(name='refs', extension=None, is_directory=True, parent='/Users/antonkonycev/Library/Containers/Mail.Ru.DiskO.as/Data/Disk-O.as.mounts/banderas91@mail.ru-mailru/Geek/HW_Python/python_HW/.git/logs')
INFO:root:File: DirectoryInfo(name='HEAD', extension='', is_directory=False, parent='/Users/antonkonycev/Library/Containers/Mail.Ru.DiskO.as/Data/Disk-O.as.mounts/banderas91@mail.ru-mailru/Geek/HW_Python/python_HW/.git/logs')
INFO:root:Directory: DirectoryInfo(name='heads', extension=None, is_directory=True, parent='/Users/antonkonycev/Library/Containers/Mail.Ru.DiskO.as/Data/Disk-O.as.mounts/banderas91@mail.ru-mailru/Geek/HW_Python/python_HW/.git/logs/refs')
INFO:root:Directory: DirectoryInfo(name='remotes', extension=None, is_directory=True, parent='/Users/antonkonycev/Library/Containers/Mail.Ru.DiskO.as/Data/Disk-O.as.mounts/banderas91@mail.ru-mailru/Geek/HW_Python/python_HW/.git/logs/refs')
INFO:root:File: DirectoryInfo(name='HW12', extension='', is_directory=False, parent='/Users/antonkonycev/Library/Containers/Mail.Ru.DiskO.as/Data/Disk-O.as.mounts/banderas91@mail.ru-mailru/Geek/HW_Python/python_HW/.git/logs/refs/heads')
INFO:root:File: DirectoryInfo(name='HW_1', extension='', is_directory=False, parent='/Users/antonkonycev/Library/Containers/Mail.Ru.DiskO.as/Data/Disk-O.as.mounts/banderas91@mail.ru-mailru/Geek/HW_Python/python_HW/.git/logs/refs/heads')
INFO:root:File: DirectoryInfo(name='HW_10', extension='', is_directory=False, parent='/Users/antonkonycev/Library/Containers/Mail.Ru.DiskO.as/Data/Disk-O.as.mounts/banderas91@mail.ru-mailru/Geek/HW_Python/python_HW/.git/logs/refs/heads')
INFO:root:File: DirectoryInfo(name='HW_11', extension='', is_directory=False, parent='/Users/antonkonycev/Library/Containers/Mail.Ru.DiskO.as/Data/Disk-O.as.mounts/banderas91@mail.ru-mailru/Geek/HW_Python/python_HW/.git/logs/refs/heads')
INFO:root:File: DirectoryInfo(name='HW_13', extension='', is_directory=False, parent='/Users/antonkonycev/Library/Containers/Mail.Ru.DiskO.as/Data/Disk-O.as.mounts/banderas91@mail.ru-mailru/Geek/HW_Python/python_HW/.git/logs/refs/heads')
INFO:root:File: DirectoryInfo(name='HW_14', extension='', is_directory=False, parent='/Users/antonkonycev/Library/Containers/Mail.Ru.DiskO.as/Data/Disk-O.as.mounts/banderas91@mail.ru-mailru/Geek/HW_Python/python_HW/.git/logs/refs/heads')
INFO:root:File: DirectoryInfo(name='HW_2', extension='', is_directory=False, parent='/Users/antonkonycev/Library/Containers/Mail.Ru.DiskO.as/Data/Disk-O.as.mounts/banderas91@mail.ru-mailru/Geek/HW_Python/python_HW/.git/logs/refs/heads')
INFO:root:File: DirectoryInfo(name='HW_3', extension='', is_directory=False, parent='/Users/antonkonycev/Library/Containers/Mail.Ru.DiskO.as/Data/Disk-O.as.mounts/banderas91@mail.ru-mailru/Geek/HW_Python/python_HW/.git/logs/refs/heads')
INFO:root:File: DirectoryInfo(name='HW_4', extension='', is_directory=False, parent='/Users/antonkonycev/Library/Containers/Mail.Ru.DiskO.as/Data/Disk-O.as.mounts/banderas91@mail.ru-mailru/Geek/HW_Python/python_HW/.git/logs/refs/heads')
INFO:root:File: DirectoryInfo(name='HW_5', extension='', is_directory=False, parent='/Users/antonkonycev/Library/Containers/Mail.Ru.DiskO.as/Data/Disk-O.as.mounts/banderas91@mail.ru-mailru/Geek/HW_Python/python_HW/.git/logs/refs/heads')
INFO:root:File: DirectoryInfo(name='HW_6', extension='', is_directory=False, parent='/Users/antonkonycev/Library/Containers/Mail.Ru.DiskO.as/Data/Disk-O.as.mounts/banderas91@mail.ru-mailru/Geek/HW_Python/python_HW/.git/logs/refs/heads')
INFO:root:File: DirectoryInfo(name='HW_7', extension='', is_directory=False, parent='/Users/antonkonycev/Library/Containers/Mail.Ru.DiskO.as/Data/Disk-O.as.mounts/banderas91@mail.ru-mailru/Geek/HW_Python/python_HW/.git/logs/refs/heads')
INFO:root:File: DirectoryInfo(name='HW_8', extension='', is_directory=False, parent='/Users/antonkonycev/Library/Containers/Mail.Ru.DiskO.as/Data/Disk-O.as.mounts/banderas91@mail.ru-mailru/Geek/HW_Python/python_HW/.git/logs/refs/heads')
INFO:root:File: DirectoryInfo(name='HW_9', extension='', is_directory=False, parent='/Users/antonkonycev/Library/Containers/Mail.Ru.DiskO.as/Data/Disk-O.as.mounts/banderas91@mail.ru-mailru/Geek/HW_Python/python_HW/.git/logs/refs/heads')
INFO:root:File: DirectoryInfo(name='main', extension='', is_directory=False, parent='/Users/antonkonycev/Library/Containers/Mail.Ru.DiskO.as/Data/Disk-O.as.mounts/banderas91@mail.ru-mailru/Geek/HW_Python/python_HW/.git/logs/refs/heads')
INFO:root:Directory: DirectoryInfo(name='origin', extension=None, is_directory=True, parent='/Users/antonkonycev/Library/Containers/Mail.Ru.DiskO.as/Data/Disk-O.as.mounts/banderas91@mail.ru-mailru/Geek/HW_Python/python_HW/.git/logs/refs/remotes')
INFO:root:File: DirectoryInfo(name='HEAD', extension='', is_directory=False, parent='/Users/antonkonycev/Library/Containers/Mail.Ru.DiskO.as/Data/Disk-O.as.mounts/banderas91@mail.ru-mailru/Geek/HW_Python/python_HW/.git/logs/refs/remotes/origin')
INFO:root:File: DirectoryInfo(name='HW12', extension='', is_directory=False, parent='/Users/antonkonycev/Library/Containers/Mail.Ru.DiskO.as/Data/Disk-O.as.mounts/banderas91@mail.ru-mailru/Geek/HW_Python/python_HW/.git/logs/refs/remotes/origin')
INFO:root:File: DirectoryInfo(name='HW_1', extension='', is_directory=False, parent='/Users/antonkonycev/Library/Containers/Mail.Ru.DiskO.as/Data/Disk-O.as.mounts/banderas91@mail.ru-mailru/Geek/HW_Python/python_HW/.git/logs/refs/remotes/origin')
INFO:root:File: DirectoryInfo(name='HW_10', extension='', is_directory=False, parent='/Users/antonkonycev/Library/Containers/Mail.Ru.DiskO.as/Data/Disk-O.as.mounts/banderas91@mail.ru-mailru/Geek/HW_Python/python_HW/.git/logs/refs/remotes/origin')
INFO:root:File: DirectoryInfo(name='HW_11', extension='', is_directory=False, parent='/Users/antonkonycev/Library/Containers/Mail.Ru.DiskO.as/Data/Disk-O.as.mounts/banderas91@mail.ru-mailru/Geek/HW_Python/python_HW/.git/logs/refs/remotes/origin')
INFO:root:File: DirectoryInfo(name='HW_13', extension='', is_directory=False, parent='/Users/antonkonycev/Library/Containers/Mail.Ru.DiskO.as/Data/Disk-O.as.mounts/banderas91@mail.ru-mailru/Geek/HW_Python/python_HW/.git/logs/refs/remotes/origin')
INFO:root:File: DirectoryInfo(name='HW_14', extension='', is_directory=False, parent='/Users/antonkonycev/Library/Containers/Mail.Ru.DiskO.as/Data/Disk-O.as.mounts/banderas91@mail.ru-mailru/Geek/HW_Python/python_HW/.git/logs/refs/remotes/origin')
INFO:root:File: DirectoryInfo(name='HW_2', extension='', is_directory=False, parent='/Users/antonkonycev/Library/Containers/Mail.Ru.DiskO.as/Data/Disk-O.as.mounts/banderas91@mail.ru-mailru/Geek/HW_Python/python_HW/.git/logs/refs/remotes/origin')
INFO:root:File: DirectoryInfo(name='HW_3', extension='', is_directory=False, parent='/Users/antonkonycev/Library/Containers/Mail.Ru.DiskO.as/Data/Disk-O.as.mounts/banderas91@mail.ru-mailru/Geek/HW_Python/python_HW/.git/logs/refs/remotes/origin')
INFO:root:File: DirectoryInfo(name='HW_4', extension='', is_directory=False, parent='/Users/antonkonycev/Library/Containers/Mail.Ru.DiskO.as/Data/Disk-O.as.mounts/banderas91@mail.ru-mailru/Geek/HW_Python/python_HW/.git/logs/refs/remotes/origin')
INFO:root:File: DirectoryInfo(name='HW_5', extension='', is_directory=False, parent='/Users/antonkonycev/Library/Containers/Mail.Ru.DiskO.as/Data/Disk-O.as.mounts/banderas91@mail.ru-mailru/Geek/HW_Python/python_HW/.git/logs/refs/remotes/origin')
INFO:root:File: DirectoryInfo(name='HW_6', extension='', is_directory=False, parent='/Users/antonkonycev/Library/Containers/Mail.Ru.DiskO.as/Data/Disk-O.as.mounts/banderas91@mail.ru-mailru/Geek/HW_Python/python_HW/.git/logs/refs/remotes/origin')
INFO:root:File: DirectoryInfo(name='HW_7', extension='', is_directory=False, parent='/Users/antonkonycev/Library/Containers/Mail.Ru.DiskO.as/Data/Disk-O.as.mounts/banderas91@mail.ru-mailru/Geek/HW_Python/python_HW/.git/logs/refs/remotes/origin')
INFO:root:File: DirectoryInfo(name='HW_8', extension='', is_directory=False, parent='/Users/antonkonycev/Library/Containers/Mail.Ru.DiskO.as/Data/Disk-O.as.mounts/banderas91@mail.ru-mailru/Geek/HW_Python/python_HW/.git/logs/refs/remotes/origin')
INFO:root:File: DirectoryInfo(name='HW_9', extension='', is_directory=False, parent='/Users/antonkonycev/Library/Containers/Mail.Ru.DiskO.as/Data/Disk-O.as.mounts/banderas91@mail.ru-mailru/Geek/HW_Python/python_HW/.git/logs/refs/remotes/origin')
INFO:root:File: DirectoryInfo(name='main', extension='', is_directory=False, parent='/Users/antonkonycev/Library/Containers/Mail.Ru.DiskO.as/Data/Disk-O.as.mounts/banderas91@mail.ru-mailru/Geek/HW_Python/python_HW/.git/logs/refs/remotes/origin')
INFO:root:Directory: DirectoryInfo(name='03', extension=None, is_directory=True, parent='/Users/antonkonycev/Library/Containers/Mail.Ru.DiskO.as/Data/Disk-O.as.mounts/banderas91@mail.ru-mailru/Geek/HW_Python/python_HW/.git/objects')
INFO:root:Directory: DirectoryInfo(name='05', extension=None, is_directory=True, parent='/Users/antonkonycev/Library/Containers/Mail.Ru.DiskO.as/Data/Disk-O.as.mounts/banderas91@mail.ru-mailru/Geek/HW_Python/python_HW/.git/objects')
INFO:root:Directory: DirectoryInfo(name='08', extension=None, is_directory=True, parent='/Users/antonkonycev/Library/Containers/Mail.Ru.DiskO.as/Data/Disk-O.as.mounts/banderas91@mail.ru-mailru/Geek/HW_Python/python_HW/.git/objects')
INFO:root:Directory: DirectoryInfo(name='0b', extension=None, is_directory=True, parent='/Users/antonkonycev/Library/Containers/Mail.Ru.DiskO.as/Data/Disk-O.as.mounts/banderas91@mail.ru-mailru/Geek/HW_Python/python_HW/.git/objects')
INFO:root:Directory: DirectoryInfo(name='10', extension=None, is_directory=True, parent='/Users/antonkonycev/Library/Containers/Mail.Ru.DiskO.as/Data/Disk-O.as.mounts/banderas91@mail.ru-mailru/Geek/HW_Python/python_HW/.git/objects')
INFO:root:Directory: DirectoryInfo(name='12', extension=None, is_directory=True, parent='/Users/antonkonycev/Library/Containers/Mail.Ru.DiskO.as/Data/Disk-O.as.mounts/banderas91@mail.ru-mailru/Geek/HW_Python/python_HW/.git/objects')
INFO:root:Directory: DirectoryInfo(name='13', extension=None, is_directory=True, parent='/Users/antonkonycev/Library/Containers/Mail.Ru.DiskO.as/Data/Disk-O.as.mounts/banderas91@mail.ru-mailru/Geek/HW_Python/python_HW/.git/objects')
INFO:root:Directory: DirectoryInfo(name='16', extension=None, is_directory=True, parent='/Users/antonkonycev/Library/Containers/Mail.Ru.DiskO.as/Data/Disk-O.as.mounts/banderas91@mail.ru-mailru/Geek/HW_Python/python_HW/.git/objects')
INFO:root:Directory: DirectoryInfo(name='18', extension=None, is_directory=True, parent='/Users/antonkonycev/Library/Containers/Mail.Ru.DiskO.as/Data/Disk-O.as.mounts/banderas91@mail.ru-mailru/Geek/HW_Python/python_HW/.git/objects')
INFO:root:Directory: DirectoryInfo(name='19', extension=None, is_directory=True, parent='/Users/antonkonycev/Library/Containers/Mail.Ru.DiskO.as/Data/Disk-O.as.mounts/banderas91@mail.ru-mailru/Geek/HW_Python/python_HW/.git/objects')
INFO:root:Directory: DirectoryInfo(name='1a', extension=None, is_directory=True, parent='/Users/antonkonycev/Library/Containers/Mail.Ru.DiskO.as/Data/Disk-O.as.mounts/banderas91@mail.ru-mailru/Geek/HW_Python/python_HW/.git/objects')
INFO:root:Directory: DirectoryInfo(name='1d', extension=None, is_directory=True, parent='/Users/antonkonycev/Library/Containers/Mail.Ru.DiskO.as/Data/Disk-O.as.mounts/banderas91@mail.ru-mailru/Geek/HW_Python/python_HW/.git/objects')
INFO:root:Directory: DirectoryInfo(name='22', extension=None, is_directory=True, parent='/Users/antonkonycev/Library/Containers/Mail.Ru.DiskO.as/Data/Disk-O.as.mounts/banderas91@mail.ru-mailru/Geek/HW_Python/python_HW/.git/objects')
INFO:root:Directory: DirectoryInfo(name='24', extension=None, is_directory=True, parent='/Users/antonkonycev/Library/Containers/Mail.Ru.DiskO.as/Data/Disk-O.as.mounts/banderas91@mail.ru-mailru/Geek/HW_Python/python_HW/.git/objects')
INFO:root:Directory: DirectoryInfo(name='27', extension=None, is_directory=True, parent='/Users/antonkonycev/Library/Containers/Mail.Ru.DiskO.as/Data/Disk-O.as.mounts/banderas91@mail.ru-mailru/Geek/HW_Python/python_HW/.git/objects')
INFO:root:Directory: DirectoryInfo(name='2a', extension=None, is_directory=True, parent='/Users/antonkonycev/Library/Containers/Mail.Ru.DiskO.as/Data/Disk-O.as.mounts/banderas91@mail.ru-mailru/Geek/HW_Python/python_HW/.git/objects')
INFO:root:Directory: DirectoryInfo(name='30', extension=None, is_directory=True, parent='/Users/antonkonycev/Library/Containers/Mail.Ru.DiskO.as/Data/Disk-O.as.mounts/banderas91@mail.ru-mailru/Geek/HW_Python/python_HW/.git/objects')
INFO:root:Directory: DirectoryInfo(name='31', extension=None, is_directory=True, parent='/Users/antonkonycev/Library/Containers/Mail.Ru.DiskO.as/Data/Disk-O.as.mounts/banderas91@mail.ru-mailru/Geek/HW_Python/python_HW/.git/objects')
INFO:root:Directory: DirectoryInfo(name='35', extension=None, is_directory=True, parent='/Users/antonkonycev/Library/Containers/Mail.Ru.DiskO.as/Data/Disk-O.as.mounts/banderas91@mail.ru-mailru/Geek/HW_Python/python_HW/.git/objects')
INFO:root:Directory: DirectoryInfo(name='38', extension=None, is_directory=True, parent='/Users/antonkonycev/Library/Containers/Mail.Ru.DiskO.as/Data/Disk-O.as.mounts/banderas91@mail.ru-mailru/Geek/HW_Python/python_HW/.git/objects')
INFO:root:Directory: DirectoryInfo(name='3b', extension=None, is_directory=True, parent='/Users/antonkonycev/Library/Containers/Mail.Ru.DiskO.as/Data/Disk-O.as.mounts/banderas91@mail.ru-mailru/Geek/HW_Python/python_HW/.git/objects')
INFO:root:Directory: DirectoryInfo(name='3d', extension=None, is_directory=True, parent='/Users/antonkonycev/Library/Containers/Mail.Ru.DiskO.as/Data/Disk-O.as.mounts/banderas91@mail.ru-mailru/Geek/HW_Python/python_HW/.git/objects')
INFO:root:Directory: DirectoryInfo(name='3e', extension=None, is_directory=True, parent='/Users/antonkonycev/Library/Containers/Mail.Ru.DiskO.as/Data/Disk-O.as.mounts/banderas91@mail.ru-mailru/Geek/HW_Python/python_HW/.git/objects')
INFO:root:Directory: DirectoryInfo(name='42', extension=None, is_directory=True, parent='/Users/antonkonycev/Library/Containers/Mail.Ru.DiskO.as/Data/Disk-O.as.mounts/banderas91@mail.ru-mailru/Geek/HW_Python/python_HW/.git/objects')
INFO:root:Directory: DirectoryInfo(name='44', extension=None, is_directory=True, parent='/Users/antonkonycev/Library/Containers/Mail.Ru.DiskO.as/Data/Disk-O.as.mounts/banderas91@mail.ru-mailru/Geek/HW_Python/python_HW/.git/objects')
INFO:root:Directory: DirectoryInfo(name='49', extension=None, is_directory=True, parent='/Users/antonkonycev/Library/Containers/Mail.Ru.DiskO.as/Data/Disk-O.as.mounts/banderas91@mail.ru-mailru/Geek/HW_Python/python_HW/.git/objects')
INFO:root:Directory: DirectoryInfo(name='4f', extension=None, is_directory=True, parent='/Users/antonkonycev/Library/Containers/Mail.Ru.DiskO.as/Data/Disk-O.as.mounts/banderas91@mail.ru-mailru/Geek/HW_Python/python_HW/.git/objects')
INFO:root:Directory: DirectoryInfo(name='50', extension=None, is_directory=True, parent='/Users/antonkonycev/Library/Containers/Mail.Ru.DiskO.as/Data/Disk-O.as.mounts/banderas91@mail.ru-mailru/Geek/HW_Python/python_HW/.git/objects')
INFO:root:Directory: DirectoryInfo(name='55', extension=None, is_directory=True, parent='/Users/antonkonycev/Library/Containers/Mail.Ru.DiskO.as/Data/Disk-O.as.mounts/banderas91@mail.ru-mailru/Geek/HW_Python/python_HW/.git/objects')
INFO:root:Directory: DirectoryInfo(name='56', extension=None, is_directory=True, parent='/Users/antonkonycev/Library/Containers/Mail.Ru.DiskO.as/Data/Disk-O.as.mounts/banderas91@mail.ru-mailru/Geek/HW_Python/python_HW/.git/objects')
INFO:root:Directory: DirectoryInfo(name='60', extension=None, is_directory=True, parent='/Users/antonkonycev/Library/Containers/Mail.Ru.DiskO.as/Data/Disk-O.as.mounts/banderas91@mail.ru-mailru/Geek/HW_Python/python_HW/.git/objects')
INFO:root:Directory: DirectoryInfo(name='66', extension=None, is_directory=True, parent='/Users/antonkonycev/Library/Containers/Mail.Ru.DiskO.as/Data/Disk-O.as.mounts/banderas91@mail.ru-mailru/Geek/HW_Python/python_HW/.git/objects')
INFO:root:Directory: DirectoryInfo(name='6c', extension=None, is_directory=True, parent='/Users/antonkonycev/Library/Containers/Mail.Ru.DiskO.as/Data/Disk-O.as.mounts/banderas91@mail.ru-mailru/Geek/HW_Python/python_HW/.git/objects')
INFO:root:Directory: DirectoryInfo(name='6d', extension=None, is_directory=True, parent='/Users/antonkonycev/Library/Containers/Mail.Ru.DiskO.as/Data/Disk-O.as.mounts/banderas91@mail.ru-mailru/Geek/HW_Python/python_HW/.git/objects')
INFO:root:Directory: DirectoryInfo(name='6e', extension=None, is_directory=True, parent='/Users/antonkonycev/Library/Containers/Mail.Ru.DiskO.as/Data/Disk-O.as.mounts/banderas91@mail.ru-mailru/Geek/HW_Python/python_HW/.git/objects')
INFO:root:Directory: DirectoryInfo(name='6f', extension=None, is_directory=True, parent='/Users/antonkonycev/Library/Containers/Mail.Ru.DiskO.as/Data/Disk-O.as.mounts/banderas91@mail.ru-mailru/Geek/HW_Python/python_HW/.git/objects')
INFO:root:Directory: DirectoryInfo(name='70', extension=None, is_directory=True, parent='/Users/antonkonycev/Library/Containers/Mail.Ru.DiskO.as/Data/Disk-O.as.mounts/banderas91@mail.ru-mailru/Geek/HW_Python/python_HW/.git/objects')
INFO:root:Directory: DirectoryInfo(name='74', extension=None, is_directory=True, parent='/Users/antonkonycev/Library/Containers/Mail.Ru.DiskO.as/Data/Disk-O.as.mounts/banderas91@mail.ru-mailru/Geek/HW_Python/python_HW/.git/objects')
INFO:root:Directory: DirectoryInfo(name='75', extension=None, is_directory=True, parent='/Users/antonkonycev/Library/Containers/Mail.Ru.DiskO.as/Data/Disk-O.as.mounts/banderas91@mail.ru-mailru/Geek/HW_Python/python_HW/.git/objects')
INFO:root:Directory: DirectoryInfo(name='76', extension=None, is_directory=True, parent='/Users/antonkonycev/Library/Containers/Mail.Ru.DiskO.as/Data/Disk-O.as.mounts/banderas91@mail.ru-mailru/Geek/HW_Python/python_HW/.git/objects')
INFO:root:Directory: DirectoryInfo(name='78', extension=None, is_directory=True, parent='/Users/antonkonycev/Library/Containers/Mail.Ru.DiskO.as/Data/Disk-O.as.mounts/banderas91@mail.ru-mailru/Geek/HW_Python/python_HW/.git/objects')
INFO:root:Directory: DirectoryInfo(name='80', extension=None, is_directory=True, parent='/Users/antonkonycev/Library/Containers/Mail.Ru.DiskO.as/Data/Disk-O.as.mounts/banderas91@mail.ru-mailru/Geek/HW_Python/python_HW/.git/objects')
INFO:root:Directory: DirectoryInfo(name='84', extension=None, is_directory=True, parent='/Users/antonkonycev/Library/Containers/Mail.Ru.DiskO.as/Data/Disk-O.as.mounts/banderas91@mail.ru-mailru/Geek/HW_Python/python_HW/.git/objects')
INFO:root:Directory: DirectoryInfo(name='85', extension=None, is_directory=True, parent='/Users/antonkonycev/Library/Containers/Mail.Ru.DiskO.as/Data/Disk-O.as.mounts/banderas91@mail.ru-mailru/Geek/HW_Python/python_HW/.git/objects')
INFO:root:Directory: DirectoryInfo(name='87', extension=None, is_directory=True, parent='/Users/antonkonycev/Library/Containers/Mail.Ru.DiskO.as/Data/Disk-O.as.mounts/banderas91@mail.ru-mailru/Geek/HW_Python/python_HW/.git/objects')
INFO:root:Directory: DirectoryInfo(name='8a', extension=None, is_directory=True, parent='/Users/antonkonycev/Library/Containers/Mail.Ru.DiskO.as/Data/Disk-O.as.mounts/banderas91@mail.ru-mailru/Geek/HW_Python/python_HW/.git/objects')
INFO:root:Directory: DirectoryInfo(name='8b', extension=None, is_directory=True, parent='/Users/antonkonycev/Library/Containers/Mail.Ru.DiskO.as/Data/Disk-O.as.mounts/banderas91@mail.ru-mailru/Geek/HW_Python/python_HW/.git/objects')
INFO:root:Directory: DirectoryInfo(name='8e', extension=None, is_directory=True, parent='/Users/antonkonycev/Library/Containers/Mail.Ru.DiskO.as/Data/Disk-O.as.mounts/banderas91@mail.ru-mailru/Geek/HW_Python/python_HW/.git/objects')
INFO:root:Directory: DirectoryInfo(name='8f', extension=None, is_directory=True, parent='/Users/antonkonycev/Library/Containers/Mail.Ru.DiskO.as/Data/Disk-O.as.mounts/banderas91@mail.ru-mailru/Geek/HW_Python/python_HW/.git/objects')
INFO:root:Directory: DirectoryInfo(name='95', extension=None, is_directory=True, parent='/Users/antonkonycev/Library/Containers/Mail.Ru.DiskO.as/Data/Disk-O.as.mounts/banderas91@mail.ru-mailru/Geek/HW_Python/python_HW/.git/objects')
INFO:root:Directory: DirectoryInfo(name='99', extension=None, is_directory=True, parent='/Users/antonkonycev/Library/Containers/Mail.Ru.DiskO.as/Data/Disk-O.as.mounts/banderas91@mail.ru-mailru/Geek/HW_Python/python_HW/.git/objects')
INFO:root:Directory: DirectoryInfo(name='9a', extension=None, is_directory=True, parent='/Users/antonkonycev/Library/Containers/Mail.Ru.DiskO.as/Data/Disk-O.as.mounts/banderas91@mail.ru-mailru/Geek/HW_Python/python_HW/.git/objects')
INFO:root:Directory: DirectoryInfo(name='9b', extension=None, is_directory=True, parent='/Users/antonkonycev/Library/Containers/Mail.Ru.DiskO.as/Data/Disk-O.as.mounts/banderas91@mail.ru-mailru/Geek/HW_Python/python_HW/.git/objects')
INFO:root:Directory: DirectoryInfo(name='9d', extension=None, is_directory=True, parent='/Users/antonkonycev/Library/Containers/Mail.Ru.DiskO.as/Data/Disk-O.as.mounts/banderas91@mail.ru-mailru/Geek/HW_Python/python_HW/.git/objects')
INFO:root:Directory: DirectoryInfo(name='9f', extension=None, is_directory=True, parent='/Users/antonkonycev/Library/Containers/Mail.Ru.DiskO.as/Data/Disk-O.as.mounts/banderas91@mail.ru-mailru/Geek/HW_Python/python_HW/.git/objects')
INFO:root:Directory: DirectoryInfo(name='a0', extension=None, is_directory=True, parent='/Users/antonkonycev/Library/Containers/Mail.Ru.DiskO.as/Data/Disk-O.as.mounts/banderas91@mail.ru-mailru/Geek/HW_Python/python_HW/.git/objects')
INFO:root:Directory: DirectoryInfo(name='a3', extension=None, is_directory=True, parent='/Users/antonkonycev/Library/Containers/Mail.Ru.DiskO.as/Data/Disk-O.as.mounts/banderas91@mail.ru-mailru/Geek/HW_Python/python_HW/.git/objects')
INFO:root:Directory: DirectoryInfo(name='a4', extension=None, is_directory=True, parent='/Users/antonkonycev/Library/Containers/Mail.Ru.DiskO.as/Data/Disk-O.as.mounts/banderas91@mail.ru-mailru/Geek/HW_Python/python_HW/.git/objects')
INFO:root:Directory: DirectoryInfo(name='a6', extension=None, is_directory=True, parent='/Users/antonkonycev/Library/Containers/Mail.Ru.DiskO.as/Data/Disk-O.as.mounts/banderas91@mail.ru-mailru/Geek/HW_Python/python_HW/.git/objects')
INFO:root:Directory: DirectoryInfo(name='a9', extension=None, is_directory=True, parent='/Users/antonkonycev/Library/Containers/Mail.Ru.DiskO.as/Data/Disk-O.as.mounts/banderas91@mail.ru-mailru/Geek/HW_Python/python_HW/.git/objects')
INFO:root:Directory: DirectoryInfo(name='b2', extension=None, is_directory=True, parent='/Users/antonkonycev/Library/Containers/Mail.Ru.DiskO.as/Data/Disk-O.as.mounts/banderas91@mail.ru-mailru/Geek/HW_Python/python_HW/.git/objects')
INFO:root:Directory: DirectoryInfo(name='b4', extension=None, is_directory=True, parent='/Users/antonkonycev/Library/Containers/Mail.Ru.DiskO.as/Data/Disk-O.as.mounts/banderas91@mail.ru-mailru/Geek/HW_Python/python_HW/.git/objects')
INFO:root:Directory: DirectoryInfo(name='b5', extension=None, is_directory=True, parent='/Users/antonkonycev/Library/Containers/Mail.Ru.DiskO.as/Data/Disk-O.as.mounts/banderas91@mail.ru-mailru/Geek/HW_Python/python_HW/.git/objects')
INFO:root:Directory: DirectoryInfo(name='b8', extension=None, is_directory=True, parent='/Users/antonkonycev/Library/Containers/Mail.Ru.DiskO.as/Data/Disk-O.as.mounts/banderas91@mail.ru-mailru/Geek/HW_Python/python_HW/.git/objects')
INFO:root:Directory: DirectoryInfo(name='ba', extension=None, is_directory=True, parent='/Users/antonkonycev/Library/Containers/Mail.Ru.DiskO.as/Data/Disk-O.as.mounts/banderas91@mail.ru-mailru/Geek/HW_Python/python_HW/.git/objects')
INFO:root:Directory: DirectoryInfo(name='bc', extension=None, is_directory=True, parent='/Users/antonkonycev/Library/Containers/Mail.Ru.DiskO.as/Data/Disk-O.as.mounts/banderas91@mail.ru-mailru/Geek/HW_Python/python_HW/.git/objects')
INFO:root:Directory: DirectoryInfo(name='c4', extension=None, is_directory=True, parent='/Users/antonkonycev/Library/Containers/Mail.Ru.DiskO.as/Data/Disk-O.as.mounts/banderas91@mail.ru-mailru/Geek/HW_Python/python_HW/.git/objects')
INFO:root:Directory: DirectoryInfo(name='c6', extension=None, is_directory=True, parent='/Users/antonkonycev/Library/Containers/Mail.Ru.DiskO.as/Data/Disk-O.as.mounts/banderas91@mail.ru-mailru/Geek/HW_Python/python_HW/.git/objects')
INFO:root:Directory: DirectoryInfo(name='c9', extension=None, is_directory=True, parent='/Users/antonkonycev/Library/Containers/Mail.Ru.DiskO.as/Data/Disk-O.as.mounts/banderas91@mail.ru-mailru/Geek/HW_Python/python_HW/.git/objects')
INFO:root:Directory: DirectoryInfo(name='ca', extension=None, is_directory=True, parent='/Users/antonkonycev/Library/Containers/Mail.Ru.DiskO.as/Data/Disk-O.as.mounts/banderas91@mail.ru-mailru/Geek/HW_Python/python_HW/.git/objects')
INFO:root:Directory: DirectoryInfo(name='cb', extension=None, is_directory=True, parent='/Users/antonkonycev/Library/Containers/Mail.Ru.DiskO.as/Data/Disk-O.as.mounts/banderas91@mail.ru-mailru/Geek/HW_Python/python_HW/.git/objects')
INFO:root:Directory: DirectoryInfo(name='cd', extension=None, is_directory=True, parent='/Users/antonkonycev/Library/Containers/Mail.Ru.DiskO.as/Data/Disk-O.as.mounts/banderas91@mail.ru-mailru/Geek/HW_Python/python_HW/.git/objects')
INFO:root:Directory: DirectoryInfo(name='d0', extension=None, is_directory=True, parent='/Users/antonkonycev/Library/Containers/Mail.Ru.DiskO.as/Data/Disk-O.as.mounts/banderas91@mail.ru-mailru/Geek/HW_Python/python_HW/.git/objects')
INFO:root:Directory: DirectoryInfo(name='d4', extension=None, is_directory=True, parent='/Users/antonkonycev/Library/Containers/Mail.Ru.DiskO.as/Data/Disk-O.as.mounts/banderas91@mail.ru-mailru/Geek/HW_Python/python_HW/.git/objects')
INFO:root:Directory: DirectoryInfo(name='d5', extension=None, is_directory=True, parent='/Users/antonkonycev/Library/Containers/Mail.Ru.DiskO.as/Data/Disk-O.as.mounts/banderas91@mail.ru-mailru/Geek/HW_Python/python_HW/.git/objects')
INFO:root:Directory: DirectoryInfo(name='d6', extension=None, is_directory=True, parent='/Users/antonkonycev/Library/Containers/Mail.Ru.DiskO.as/Data/Disk-O.as.mounts/banderas91@mail.ru-mailru/Geek/HW_Python/python_HW/.git/objects')
INFO:root:Directory: DirectoryInfo(name='d7', extension=None, is_directory=True, parent='/Users/antonkonycev/Library/Containers/Mail.Ru.DiskO.as/Data/Disk-O.as.mounts/banderas91@mail.ru-mailru/Geek/HW_Python/python_HW/.git/objects')
INFO:root:Directory: DirectoryInfo(name='df', extension=None, is_directory=True, parent='/Users/antonkonycev/Library/Containers/Mail.Ru.DiskO.as/Data/Disk-O.as.mounts/banderas91@mail.ru-mailru/Geek/HW_Python/python_HW/.git/objects')
INFO:root:Directory: DirectoryInfo(name='e0', extension=None, is_directory=True, parent='/Users/antonkonycev/Library/Containers/Mail.Ru.DiskO.as/Data/Disk-O.as.mounts/banderas91@mail.ru-mailru/Geek/HW_Python/python_HW/.git/objects')
INFO:root:Directory: DirectoryInfo(name='e2', extension=None, is_directory=True, parent='/Users/antonkonycev/Library/Containers/Mail.Ru.DiskO.as/Data/Disk-O.as.mounts/banderas91@mail.ru-mailru/Geek/HW_Python/python_HW/.git/objects')
INFO:root:Directory: DirectoryInfo(name='e6', extension=None, is_directory=True, parent='/Users/antonkonycev/Library/Containers/Mail.Ru.DiskO.as/Data/Disk-O.as.mounts/banderas91@mail.ru-mailru/Geek/HW_Python/python_HW/.git/objects')
INFO:root:Directory: DirectoryInfo(name='e7', extension=None, is_directory=True, parent='/Users/antonkonycev/Library/Containers/Mail.Ru.DiskO.as/Data/Disk-O.as.mounts/banderas91@mail.ru-mailru/Geek/HW_Python/python_HW/.git/objects')
INFO:root:Directory: DirectoryInfo(name='e8', extension=None, is_directory=True, parent='/Users/antonkonycev/Library/Containers/Mail.Ru.DiskO.as/Data/Disk-O.as.mounts/banderas91@mail.ru-mailru/Geek/HW_Python/python_HW/.git/objects')
INFO:root:Directory: DirectoryInfo(name='e9', extension=None, is_directory=True, parent='/Users/antonkonycev/Library/Containers/Mail.Ru.DiskO.as/Data/Disk-O.as.mounts/banderas91@mail.ru-mailru/Geek/HW_Python/python_HW/.git/objects')
INFO:root:Directory: DirectoryInfo(name='ed', extension=None, is_directory=True, parent='/Users/antonkonycev/Library/Containers/Mail.Ru.DiskO.as/Data/Disk-O.as.mounts/banderas91@mail.ru-mailru/Geek/HW_Python/python_HW/.git/objects')
INFO:root:Directory: DirectoryInfo(name='f4', extension=None, is_directory=True, parent='/Users/antonkonycev/Library/Containers/Mail.Ru.DiskO.as/Data/Disk-O.as.mounts/banderas91@mail.ru-mailru/Geek/HW_Python/python_HW/.git/objects')
INFO:root:Directory: DirectoryInfo(name='f5', extension=None, is_directory=True, parent='/Users/antonkonycev/Library/Containers/Mail.Ru.DiskO.as/Data/Disk-O.as.mounts/banderas91@mail.ru-mailru/Geek/HW_Python/python_HW/.git/objects')
INFO:root:Directory: DirectoryInfo(name='fa', extension=None, is_directory=True, parent='/Users/antonkonycev/Library/Containers/Mail.Ru.DiskO.as/Data/Disk-O.as.mounts/banderas91@mail.ru-mailru/Geek/HW_Python/python_HW/.git/objects')
INFO:root:Directory: DirectoryInfo(name='fc', extension=None, is_directory=True, parent='/Users/antonkonycev/Library/Containers/Mail.Ru.DiskO.as/Data/Disk-O.as.mounts/banderas91@mail.ru-mailru/Geek/HW_Python/python_HW/.git/objects')
INFO:root:Directory: DirectoryInfo(name='ff', extension=None, is_directory=True, parent='/Users/antonkonycev/Library/Containers/Mail.Ru.DiskO.as/Data/Disk-O.as.mounts/banderas91@mail.ru-mailru/Geek/HW_Python/python_HW/.git/objects')
INFO:root:Directory: DirectoryInfo(name='info', extension=None, is_directory=True, parent='/Users/antonkonycev/Library/Containers/Mail.Ru.DiskO.as/Data/Disk-O.as.mounts/banderas91@mail.ru-mailru/Geek/HW_Python/python_HW/.git/objects')
INFO:root:Directory: DirectoryInfo(name='pack', extension=None, is_directory=True, parent='/Users/antonkonycev/Library/Containers/Mail.Ru.DiskO.as/Data/Disk-O.as.mounts/banderas91@mail.ru-mailru/Geek/HW_Python/python_HW/.git/objects')
INFO:root:File: DirectoryInfo(name='1dacde3f75f3eafeb0ded12e5c8b3d4124a0ac', extension='', is_directory=False, parent='/Users/antonkonycev/Library/Containers/Mail.Ru.DiskO.as/Data/Disk-O.as.mounts/banderas91@mail.ru-mailru/Geek/HW_Python/python_HW/.git/objects/03')
INFO:root:File: DirectoryInfo(name='0fbd2326facec4e29f7a1a01d30a03c002330f', extension='', is_directory=False, parent='/Users/antonkonycev/Library/Containers/Mail.Ru.DiskO.as/Data/Disk-O.as.mounts/banderas91@mail.ru-mailru/Geek/HW_Python/python_HW/.git/objects/05')
INFO:root:File: DirectoryInfo(name='9a1442d568ae3e658f2295a40a5c8c9d190600', extension='', is_directory=False, parent='/Users/antonkonycev/Library/Containers/Mail.Ru.DiskO.as/Data/Disk-O.as.mounts/banderas91@mail.ru-mailru/Geek/HW_Python/python_HW/.git/objects/08')
INFO:root:File: DirectoryInfo(name='2163c86d83d2d57dae0a7fe984a49f059ded7e', extension='', is_directory=False, parent='/Users/antonkonycev/Library/Containers/Mail.Ru.DiskO.as/Data/Disk-O.as.mounts/banderas91@mail.ru-mailru/Geek/HW_Python/python_HW/.git/objects/0b')
INFO:root:File: DirectoryInfo(name='b27d05b73c03d73944d2a967459ea7dc46ed3f', extension='', is_directory=False, parent='/Users/antonkonycev/Library/Containers/Mail.Ru.DiskO.as/Data/Disk-O.as.mounts/banderas91@mail.ru-mailru/Geek/HW_Python/python_HW/.git/objects/10')
INFO:root:File: DirectoryInfo(name='671d6890efba49ad0ef2368dacc7125efa13fd', extension='', is_directory=False, parent='/Users/antonkonycev/Library/Containers/Mail.Ru.DiskO.as/Data/Disk-O.as.mounts/banderas91@mail.ru-mailru/Geek/HW_Python/python_HW/.git/objects/12')
INFO:root:File: DirectoryInfo(name='c6db006ef98ee02167eb8db78bb1d110959c99', extension='', is_directory=False, parent='/Users/antonkonycev/Library/Containers/Mail.Ru.DiskO.as/Data/Disk-O.as.mounts/banderas91@mail.ru-mailru/Geek/HW_Python/python_HW/.git/objects/12')
INFO:root:File: DirectoryInfo(name='bd97eb47db9b256932a74704cae52ecee79ae1', extension='', is_directory=False, parent='/Users/antonkonycev/Library/Containers/Mail.Ru.DiskO.as/Data/Disk-O.as.mounts/banderas91@mail.ru-mailru/Geek/HW_Python/python_HW/.git/objects/13')
INFO:root:File: DirectoryInfo(name='c23d72566ab896335461f072d6e1c13f154d5b', extension='', is_directory=False, parent='/Users/antonkonycev/Library/Containers/Mail.Ru.DiskO.as/Data/Disk-O.as.mounts/banderas91@mail.ru-mailru/Geek/HW_Python/python_HW/.git/objects/16')
INFO:root:File: DirectoryInfo(name='187270d1f92da3ebd9f32f9f32ffaa6e94c897', extension='', is_directory=False, parent='/Users/antonkonycev/Library/Containers/Mail.Ru.DiskO.as/Data/Disk-O.as.mounts/banderas91@mail.ru-mailru/Geek/HW_Python/python_HW/.git/objects/18')
INFO:root:File: DirectoryInfo(name='e0b80c3083b5825fe3477605faa93ec2136101', extension='', is_directory=False, parent='/Users/antonkonycev/Library/Containers/Mail.Ru.DiskO.as/Data/Disk-O.as.mounts/banderas91@mail.ru-mailru/Geek/HW_Python/python_HW/.git/objects/18')
INFO:root:File: DirectoryInfo(name='f718d3dd977e367365fe51e9a45ab5c80dc215', extension='', is_directory=False, parent='/Users/antonkonycev/Library/Containers/Mail.Ru.DiskO.as/Data/Disk-O.as.mounts/banderas91@mail.ru-mailru/Geek/HW_Python/python_HW/.git/objects/18')
INFO:root:File: DirectoryInfo(name='80b17977cd379fb323f3d1eccfcb94c7a0ca0c', extension='', is_directory=False, parent='/Users/antonkonycev/Library/Containers/Mail.Ru.DiskO.as/Data/Disk-O.as.mounts/banderas91@mail.ru-mailru/Geek/HW_Python/python_HW/.git/objects/19')
INFO:root:File: DirectoryInfo(name='a4dc6dd00d6151c39a02c60d64078cb947e064', extension='', is_directory=False, parent='/Users/antonkonycev/Library/Containers/Mail.Ru.DiskO.as/Data/Disk-O.as.mounts/banderas91@mail.ru-mailru/Geek/HW_Python/python_HW/.git/objects/1a')
INFO:root:File: DirectoryInfo(name='f75b9c6b37501ddd47199d16f95e4f53716db7', extension='', is_directory=False, parent='/Users/antonkonycev/Library/Containers/Mail.Ru.DiskO.as/Data/Disk-O.as.mounts/banderas91@mail.ru-mailru/Geek/HW_Python/python_HW/.git/objects/1d')
INFO:root:File: DirectoryInfo(name='260f6c9098fa023404728d6df5673452b830dc', extension='', is_directory=False, parent='/Users/antonkonycev/Library/Containers/Mail.Ru.DiskO.as/Data/Disk-O.as.mounts/banderas91@mail.ru-mailru/Geek/HW_Python/python_HW/.git/objects/22')
INFO:root:File: DirectoryInfo(name='82a0e119004900527de2acbdb640ea3902b025', extension='', is_directory=False, parent='/Users/antonkonycev/Library/Containers/Mail.Ru.DiskO.as/Data/Disk-O.as.mounts/banderas91@mail.ru-mailru/Geek/HW_Python/python_HW/.git/objects/24')
INFO:root:File: DirectoryInfo(name='b93828018660b38e21ae8b8e31a966d3e703af', extension='', is_directory=False, parent='/Users/antonkonycev/Library/Containers/Mail.Ru.DiskO.as/Data/Disk-O.as.mounts/banderas91@mail.ru-mailru/Geek/HW_Python/python_HW/.git/objects/24')
INFO:root:File: DirectoryInfo(name='158dd8ac37fa5022dbb04e10b738c4fc89f47f', extension='', is_directory=False, parent='/Users/antonkonycev/Library/Containers/Mail.Ru.DiskO.as/Data/Disk-O.as.mounts/banderas91@mail.ru-mailru/Geek/HW_Python/python_HW/.git/objects/27')
INFO:root:File: DirectoryInfo(name='e906f740da5fb87fe0f90279e475fd6de314d0', extension='', is_directory=False, parent='/Users/antonkonycev/Library/Containers/Mail.Ru.DiskO.as/Data/Disk-O.as.mounts/banderas91@mail.ru-mailru/Geek/HW_Python/python_HW/.git/objects/2a')
INFO:root:File: DirectoryInfo(name='a7030ecb3d44ab6c72068bad34c00b706bb47e', extension='', is_directory=False, parent='/Users/antonkonycev/Library/Containers/Mail.Ru.DiskO.as/Data/Disk-O.as.mounts/banderas91@mail.ru-mailru/Geek/HW_Python/python_HW/.git/objects/30')
INFO:root:File: DirectoryInfo(name='657a3a8adbdf421aa63d56b6e35e5ea741dd88', extension='', is_directory=False, parent='/Users/antonkonycev/Library/Containers/Mail.Ru.DiskO.as/Data/Disk-O.as.mounts/banderas91@mail.ru-mailru/Geek/HW_Python/python_HW/.git/objects/31')
INFO:root:File: DirectoryInfo(name='c01361349f7b5cc2b385520685442d2d47ced2', extension='', is_directory=False, parent='/Users/antonkonycev/Library/Containers/Mail.Ru.DiskO.as/Data/Disk-O.as.mounts/banderas91@mail.ru-mailru/Geek/HW_Python/python_HW/.git/objects/35')
INFO:root:File: DirectoryInfo(name='8f165205ae64ff87b46c4ba0596dcdc853f2d8', extension='', is_directory=False, parent='/Users/antonkonycev/Library/Containers/Mail.Ru.DiskO.as/Data/Disk-O.as.mounts/banderas91@mail.ru-mailru/Geek/HW_Python/python_HW/.git/objects/38')
INFO:root:File: DirectoryInfo(name='c324eab4f6de98f7eb793c252f02988de04a4d', extension='', is_directory=False, parent='/Users/antonkonycev/Library/Containers/Mail.Ru.DiskO.as/Data/Disk-O.as.mounts/banderas91@mail.ru-mailru/Geek/HW_Python/python_HW/.git/objects/3b')
INFO:root:File: DirectoryInfo(name='7d1b04239da7e7d33fbef8f1ff07562f28b80f', extension='', is_directory=False, parent='/Users/antonkonycev/Library/Containers/Mail.Ru.DiskO.as/Data/Disk-O.as.mounts/banderas91@mail.ru-mailru/Geek/HW_Python/python_HW/.git/objects/3d')
INFO:root:File: DirectoryInfo(name='2530f024bc06c72fe7a9ff18ff2035dec60c4c', extension='', is_directory=False, parent='/Users/antonkonycev/Library/Containers/Mail.Ru.DiskO.as/Data/Disk-O.as.mounts/banderas91@mail.ru-mailru/Geek/HW_Python/python_HW/.git/objects/3e')
INFO:root:File: DirectoryInfo(name='b696a6cc0759c93b85c0739ac068df450b1429', extension='', is_directory=False, parent='/Users/antonkonycev/Library/Containers/Mail.Ru.DiskO.as/Data/Disk-O.as.mounts/banderas91@mail.ru-mailru/Geek/HW_Python/python_HW/.git/objects/42')
INFO:root:File: DirectoryInfo(name='bbb44c5bbac9cc4e27fd5a26ece411b5c328a6', extension='', is_directory=False, parent='/Users/antonkonycev/Library/Containers/Mail.Ru.DiskO.as/Data/Disk-O.as.mounts/banderas91@mail.ru-mailru/Geek/HW_Python/python_HW/.git/objects/44')
INFO:root:File: DirectoryInfo(name='588c4aeee105576f36e999a18c4a56b1034b68', extension='', is_directory=False, parent='/Users/antonkonycev/Library/Containers/Mail.Ru.DiskO.as/Data/Disk-O.as.mounts/banderas91@mail.ru-mailru/Geek/HW_Python/python_HW/.git/objects/49')
INFO:root:File: DirectoryInfo(name='d8444227589d50712715903513e10684c5be5b', extension='', is_directory=False, parent='/Users/antonkonycev/Library/Containers/Mail.Ru.DiskO.as/Data/Disk-O.as.mounts/banderas91@mail.ru-mailru/Geek/HW_Python/python_HW/.git/objects/4f')
INFO:root:File: DirectoryInfo(name='8c8d7daccc7c9d6919cfbce355c027c268b9a3', extension='', is_directory=False, parent='/Users/antonkonycev/Library/Containers/Mail.Ru.DiskO.as/Data/Disk-O.as.mounts/banderas91@mail.ru-mailru/Geek/HW_Python/python_HW/.git/objects/50')
INFO:root:File: DirectoryInfo(name='b09b4243aeeacb0eb1adc1aa595f672befcfd1', extension='', is_directory=False, parent='/Users/antonkonycev/Library/Containers/Mail.Ru.DiskO.as/Data/Disk-O.as.mounts/banderas91@mail.ru-mailru/Geek/HW_Python/python_HW/.git/objects/50')
INFO:root:File: DirectoryInfo(name='2a28301643ea41b830ed1258c3b9f4bbe754dd', extension='', is_directory=False, parent='/Users/antonkonycev/Library/Containers/Mail.Ru.DiskO.as/Data/Disk-O.as.mounts/banderas91@mail.ru-mailru/Geek/HW_Python/python_HW/.git/objects/55')
INFO:root:File: DirectoryInfo(name='21cca1ae22b688664ea06cbaabb051eb328824', extension='', is_directory=False, parent='/Users/antonkonycev/Library/Containers/Mail.Ru.DiskO.as/Data/Disk-O.as.mounts/banderas91@mail.ru-mailru/Geek/HW_Python/python_HW/.git/objects/56')
INFO:root:File: DirectoryInfo(name='d8b0ed1a29f577925b365adad237934a3555bb', extension='', is_directory=False, parent='/Users/antonkonycev/Library/Containers/Mail.Ru.DiskO.as/Data/Disk-O.as.mounts/banderas91@mail.ru-mailru/Geek/HW_Python/python_HW/.git/objects/60')
INFO:root:File: DirectoryInfo(name='a602157f754334d07697927d1c6ebb495629d1', extension='', is_directory=False, parent='/Users/antonkonycev/Library/Containers/Mail.Ru.DiskO.as/Data/Disk-O.as.mounts/banderas91@mail.ru-mailru/Geek/HW_Python/python_HW/.git/objects/66')
INFO:root:File: DirectoryInfo(name='25121522b464d9f92ae4173534f334a34e568e', extension='', is_directory=False, parent='/Users/antonkonycev/Library/Containers/Mail.Ru.DiskO.as/Data/Disk-O.as.mounts/banderas91@mail.ru-mailru/Geek/HW_Python/python_HW/.git/objects/6c')
INFO:root:File: DirectoryInfo(name='3a3ddc7be5365b6e221b078e4b987d513c11e9', extension='', is_directory=False, parent='/Users/antonkonycev/Library/Containers/Mail.Ru.DiskO.as/Data/Disk-O.as.mounts/banderas91@mail.ru-mailru/Geek/HW_Python/python_HW/.git/objects/6d')
INFO:root:File: DirectoryInfo(name='9c542c967796a65f4e83da4354840668e158e2', extension='', is_directory=False, parent='/Users/antonkonycev/Library/Containers/Mail.Ru.DiskO.as/Data/Disk-O.as.mounts/banderas91@mail.ru-mailru/Geek/HW_Python/python_HW/.git/objects/6e')
INFO:root:File: DirectoryInfo(name='11b49695d48134ff2b9380cdf63d3af75de1f8', extension='', is_directory=False, parent='/Users/antonkonycev/Library/Containers/Mail.Ru.DiskO.as/Data/Disk-O.as.mounts/banderas91@mail.ru-mailru/Geek/HW_Python/python_HW/.git/objects/6f')
INFO:root:File: DirectoryInfo(name='7a44aa44984b6cabbff38e25b50acd65a72396', extension='', is_directory=False, parent='/Users/antonkonycev/Library/Containers/Mail.Ru.DiskO.as/Data/Disk-O.as.mounts/banderas91@mail.ru-mailru/Geek/HW_Python/python_HW/.git/objects/70')
INFO:root:File: DirectoryInfo(name='018ef491df5a3279e02ed5eed3ab3b6f46cb4a', extension='', is_directory=False, parent='/Users/antonkonycev/Library/Containers/Mail.Ru.DiskO.as/Data/Disk-O.as.mounts/banderas91@mail.ru-mailru/Geek/HW_Python/python_HW/.git/objects/74')
INFO:root:File: DirectoryInfo(name='c80d83008de3dc5b7771553554204e38bc16e9', extension='', is_directory=False, parent='/Users/antonkonycev/Library/Containers/Mail.Ru.DiskO.as/Data/Disk-O.as.mounts/banderas91@mail.ru-mailru/Geek/HW_Python/python_HW/.git/objects/75')
INFO:root:File: DirectoryInfo(name='55aa0eeac3d3284a9e3a2206a1dfd8e5f20155', extension='', is_directory=False, parent='/Users/antonkonycev/Library/Containers/Mail.Ru.DiskO.as/Data/Disk-O.as.mounts/banderas91@mail.ru-mailru/Geek/HW_Python/python_HW/.git/objects/76')
INFO:root:File: DirectoryInfo(name='fc2d0e902863183744da29fb61689b7dea0076', extension='', is_directory=False, parent='/Users/antonkonycev/Library/Containers/Mail.Ru.DiskO.as/Data/Disk-O.as.mounts/banderas91@mail.ru-mailru/Geek/HW_Python/python_HW/.git/objects/76')
INFO:root:File: DirectoryInfo(name='22640e21cdd40ebba6bedc514090b7c3041b58', extension='', is_directory=False, parent='/Users/antonkonycev/Library/Containers/Mail.Ru.DiskO.as/Data/Disk-O.as.mounts/banderas91@mail.ru-mailru/Geek/HW_Python/python_HW/.git/objects/78')
INFO:root:File: DirectoryInfo(name='706ffee237192f40e5162249238ca17672a201', extension='', is_directory=False, parent='/Users/antonkonycev/Library/Containers/Mail.Ru.DiskO.as/Data/Disk-O.as.mounts/banderas91@mail.ru-mailru/Geek/HW_Python/python_HW/.git/objects/80')
INFO:root:File: DirectoryInfo(name='3d91225e611f8404337250224367ca37c4a443', extension='', is_directory=False, parent='/Users/antonkonycev/Library/Containers/Mail.Ru.DiskO.as/Data/Disk-O.as.mounts/banderas91@mail.ru-mailru/Geek/HW_Python/python_HW/.git/objects/84')
INFO:root:File: DirectoryInfo(name='06551cd51ffc35315e61e1ca18464cd004aadf', extension='', is_directory=False, parent='/Users/antonkonycev/Library/Containers/Mail.Ru.DiskO.as/Data/Disk-O.as.mounts/banderas91@mail.ru-mailru/Geek/HW_Python/python_HW/.git/objects/85')
INFO:root:File: DirectoryInfo(name='361de1498e14d9a1dc936d6caf52b6bb676930', extension='', is_directory=False, parent='/Users/antonkonycev/Library/Containers/Mail.Ru.DiskO.as/Data/Disk-O.as.mounts/banderas91@mail.ru-mailru/Geek/HW_Python/python_HW/.git/objects/85')
INFO:root:File: DirectoryInfo(name='6a51588307ed5492706457237a78b6e530f48f', extension='', is_directory=False, parent='/Users/antonkonycev/Library/Containers/Mail.Ru.DiskO.as/Data/Disk-O.as.mounts/banderas91@mail.ru-mailru/Geek/HW_Python/python_HW/.git/objects/85')
INFO:root:File: DirectoryInfo(name='ece775d7a534560ef7e95b5580ee2a5016dde1', extension='', is_directory=False, parent='/Users/antonkonycev/Library/Containers/Mail.Ru.DiskO.as/Data/Disk-O.as.mounts/banderas91@mail.ru-mailru/Geek/HW_Python/python_HW/.git/objects/87')
INFO:root:File: DirectoryInfo(name='a84bbaf877c30a650d903400700287fadf8055', extension='', is_directory=False, parent='/Users/antonkonycev/Library/Containers/Mail.Ru.DiskO.as/Data/Disk-O.as.mounts/banderas91@mail.ru-mailru/Geek/HW_Python/python_HW/.git/objects/8a')
INFO:root:File: DirectoryInfo(name='264a99789c5bcff2185389b9e284ae65f9800f', extension='', is_directory=False, parent='/Users/antonkonycev/Library/Containers/Mail.Ru.DiskO.as/Data/Disk-O.as.mounts/banderas91@mail.ru-mailru/Geek/HW_Python/python_HW/.git/objects/8b')
INFO:root:File: DirectoryInfo(name='243a001f76d7fa917dab48ec4f14c1f4329c35', extension='', is_directory=False, parent='/Users/antonkonycev/Library/Containers/Mail.Ru.DiskO.as/Data/Disk-O.as.mounts/banderas91@mail.ru-mailru/Geek/HW_Python/python_HW/.git/objects/8e')
INFO:root:File: DirectoryInfo(name='6864a9083643edcaabe7490bb7410b2f362d55', extension='', is_directory=False, parent='/Users/antonkonycev/Library/Containers/Mail.Ru.DiskO.as/Data/Disk-O.as.mounts/banderas91@mail.ru-mailru/Geek/HW_Python/python_HW/.git/objects/8e')
INFO:root:File: DirectoryInfo(name='5913dadf1d990e1bcb0e86c8a3df1059ed98e4', extension='', is_directory=False, parent='/Users/antonkonycev/Library/Containers/Mail.Ru.DiskO.as/Data/Disk-O.as.mounts/banderas91@mail.ru-mailru/Geek/HW_Python/python_HW/.git/objects/8f')
INFO:root:File: DirectoryInfo(name='f0bf15fde9a5f7686b3b5012d4ea94464732bf', extension='', is_directory=False, parent='/Users/antonkonycev/Library/Containers/Mail.Ru.DiskO.as/Data/Disk-O.as.mounts/banderas91@mail.ru-mailru/Geek/HW_Python/python_HW/.git/objects/95')
INFO:root:File: DirectoryInfo(name='85eace0e5a6a67b3377a746e3ba41795bf974c', extension='', is_directory=False, parent='/Users/antonkonycev/Library/Containers/Mail.Ru.DiskO.as/Data/Disk-O.as.mounts/banderas91@mail.ru-mailru/Geek/HW_Python/python_HW/.git/objects/99')
INFO:root:File: DirectoryInfo(name='517382cc8d3bace5f8098079f4bf77af6008e7', extension='', is_directory=False, parent='/Users/antonkonycev/Library/Containers/Mail.Ru.DiskO.as/Data/Disk-O.as.mounts/banderas91@mail.ru-mailru/Geek/HW_Python/python_HW/.git/objects/9a')
INFO:root:File: DirectoryInfo(name='299bc98a0e94a312577aa3d838dd28bccd4c76', extension='', is_directory=False, parent='/Users/antonkonycev/Library/Containers/Mail.Ru.DiskO.as/Data/Disk-O.as.mounts/banderas91@mail.ru-mailru/Geek/HW_Python/python_HW/.git/objects/9b')
INFO:root:File: DirectoryInfo(name='a218ef198ac68d0d3ca43381c95201e7f94438', extension='', is_directory=False, parent='/Users/antonkonycev/Library/Containers/Mail.Ru.DiskO.as/Data/Disk-O.as.mounts/banderas91@mail.ru-mailru/Geek/HW_Python/python_HW/.git/objects/9b')
INFO:root:File: DirectoryInfo(name='8c3eed0f36de22d6e78b606e732fd878328628', extension='', is_directory=False, parent='/Users/antonkonycev/Library/Containers/Mail.Ru.DiskO.as/Data/Disk-O.as.mounts/banderas91@mail.ru-mailru/Geek/HW_Python/python_HW/.git/objects/9d')
INFO:root:File: DirectoryInfo(name='8de72b8dc215e9118951ab908d9a29008d402a', extension='', is_directory=False, parent='/Users/antonkonycev/Library/Containers/Mail.Ru.DiskO.as/Data/Disk-O.as.mounts/banderas91@mail.ru-mailru/Geek/HW_Python/python_HW/.git/objects/9f')
INFO:root:File: DirectoryInfo(name='e54b956dbc27826d01453b699e5ab958d6c2dc', extension='', is_directory=False, parent='/Users/antonkonycev/Library/Containers/Mail.Ru.DiskO.as/Data/Disk-O.as.mounts/banderas91@mail.ru-mailru/Geek/HW_Python/python_HW/.git/objects/a0')
INFO:root:File: DirectoryInfo(name='bc808ed86a9f9fac59106449f9debdf41014ed', extension='', is_directory=False, parent='/Users/antonkonycev/Library/Containers/Mail.Ru.DiskO.as/Data/Disk-O.as.mounts/banderas91@mail.ru-mailru/Geek/HW_Python/python_HW/.git/objects/a3')
INFO:root:File: DirectoryInfo(name='77b859dfa521e5baf74cfdeb0cdd48aeca9a09', extension='', is_directory=False, parent='/Users/antonkonycev/Library/Containers/Mail.Ru.DiskO.as/Data/Disk-O.as.mounts/banderas91@mail.ru-mailru/Geek/HW_Python/python_HW/.git/objects/a4')
INFO:root:File: DirectoryInfo(name='039ec1470adcb96857507b564a1bbb39332f3e', extension='', is_directory=False, parent='/Users/antonkonycev/Library/Containers/Mail.Ru.DiskO.as/Data/Disk-O.as.mounts/banderas91@mail.ru-mailru/Geek/HW_Python/python_HW/.git/objects/a6')
INFO:root:File: DirectoryInfo(name='aea162e33572ac7bd32817a93f21acc9b0097d', extension='', is_directory=False, parent='/Users/antonkonycev/Library/Containers/Mail.Ru.DiskO.as/Data/Disk-O.as.mounts/banderas91@mail.ru-mailru/Geek/HW_Python/python_HW/.git/objects/a6')
INFO:root:File: DirectoryInfo(name='2d3d34dc19bcbcfe7397473de3205c43b4ea08', extension='', is_directory=False, parent='/Users/antonkonycev/Library/Containers/Mail.Ru.DiskO.as/Data/Disk-O.as.mounts/banderas91@mail.ru-mailru/Geek/HW_Python/python_HW/.git/objects/a9')
INFO:root:File: DirectoryInfo(name='71e64231b0861f3773013c6aa90a57541881c7', extension='', is_directory=False, parent='/Users/antonkonycev/Library/Containers/Mail.Ru.DiskO.as/Data/Disk-O.as.mounts/banderas91@mail.ru-mailru/Geek/HW_Python/python_HW/.git/objects/a9')
INFO:root:File: DirectoryInfo(name='0933fe24048f046e8fc5df95904ecb3e4a34a2', extension='', is_directory=False, parent='/Users/antonkonycev/Library/Containers/Mail.Ru.DiskO.as/Data/Disk-O.as.mounts/banderas91@mail.ru-mailru/Geek/HW_Python/python_HW/.git/objects/b2')
INFO:root:File: DirectoryInfo(name='50b5bc2a584834c374b98e4770cfb26d1d34fa', extension='', is_directory=False, parent='/Users/antonkonycev/Library/Containers/Mail.Ru.DiskO.as/Data/Disk-O.as.mounts/banderas91@mail.ru-mailru/Geek/HW_Python/python_HW/.git/objects/b2')
INFO:root:File: DirectoryInfo(name='e7ca644b0ff6c8101c340d59305701887fa654', extension='', is_directory=False, parent='/Users/antonkonycev/Library/Containers/Mail.Ru.DiskO.as/Data/Disk-O.as.mounts/banderas91@mail.ru-mailru/Geek/HW_Python/python_HW/.git/objects/b4')
INFO:root:File: DirectoryInfo(name='d80215638c74be2b9478e6bdd73a5678a532da', extension='', is_directory=False, parent='/Users/antonkonycev/Library/Containers/Mail.Ru.DiskO.as/Data/Disk-O.as.mounts/banderas91@mail.ru-mailru/Geek/HW_Python/python_HW/.git/objects/b5')
INFO:root:File: DirectoryInfo(name='dd38ea8882c1a6be27d45fa7bfc63d3862dc32', extension='', is_directory=False, parent='/Users/antonkonycev/Library/Containers/Mail.Ru.DiskO.as/Data/Disk-O.as.mounts/banderas91@mail.ru-mailru/Geek/HW_Python/python_HW/.git/objects/b8')
INFO:root:File: DirectoryInfo(name='5e1755605a1eb4136b9e191197e23212a5d117', extension='', is_directory=False, parent='/Users/antonkonycev/Library/Containers/Mail.Ru.DiskO.as/Data/Disk-O.as.mounts/banderas91@mail.ru-mailru/Geek/HW_Python/python_HW/.git/objects/ba')
INFO:root:File: DirectoryInfo(name='8ce17e7c415cbe2e2b8367640b45407900b4ff', extension='', is_directory=False, parent='/Users/antonkonycev/Library/Containers/Mail.Ru.DiskO.as/Data/Disk-O.as.mounts/banderas91@mail.ru-mailru/Geek/HW_Python/python_HW/.git/objects/ba')
INFO:root:File: DirectoryInfo(name='e159095cfcb56b98c614e91e87955c6d6fb244', extension='', is_directory=False, parent='/Users/antonkonycev/Library/Containers/Mail.Ru.DiskO.as/Data/Disk-O.as.mounts/banderas91@mail.ru-mailru/Geek/HW_Python/python_HW/.git/objects/bc')
INFO:root:File: DirectoryInfo(name='1d1ad0d65cfd0850e8e16787854004cdde52e1', extension='', is_directory=False, parent='/Users/antonkonycev/Library/Containers/Mail.Ru.DiskO.as/Data/Disk-O.as.mounts/banderas91@mail.ru-mailru/Geek/HW_Python/python_HW/.git/objects/c4')
INFO:root:File: DirectoryInfo(name='dadf26ffb34bec70525a283233edc74086edc6', extension='', is_directory=False, parent='/Users/antonkonycev/Library/Containers/Mail.Ru.DiskO.as/Data/Disk-O.as.mounts/banderas91@mail.ru-mailru/Geek/HW_Python/python_HW/.git/objects/c6')
INFO:root:File: DirectoryInfo(name='8e1a561ac69294ed132d56413730ae8b65efb5', extension='', is_directory=False, parent='/Users/antonkonycev/Library/Containers/Mail.Ru.DiskO.as/Data/Disk-O.as.mounts/banderas91@mail.ru-mailru/Geek/HW_Python/python_HW/.git/objects/c9')
INFO:root:File: DirectoryInfo(name='c820de6f2e4ba2b9a6cb6af50c7359621f60c4', extension='', is_directory=False, parent='/Users/antonkonycev/Library/Containers/Mail.Ru.DiskO.as/Data/Disk-O.as.mounts/banderas91@mail.ru-mailru/Geek/HW_Python/python_HW/.git/objects/c9')
INFO:root:File: DirectoryInfo(name='c2dd09e9d914375dc933652743c65b0819f3ef', extension='', is_directory=False, parent='/Users/antonkonycev/Library/Containers/Mail.Ru.DiskO.as/Data/Disk-O.as.mounts/banderas91@mail.ru-mailru/Geek/HW_Python/python_HW/.git/objects/ca')
INFO:root:File: DirectoryInfo(name='619dcd797a56bb57ef2470bb935e39fddada18', extension='', is_directory=False, parent='/Users/antonkonycev/Library/Containers/Mail.Ru.DiskO.as/Data/Disk-O.as.mounts/banderas91@mail.ru-mailru/Geek/HW_Python/python_HW/.git/objects/cb')
INFO:root:File: DirectoryInfo(name='593ae430fd0bb3a9e17461e92d6c28b0080792', extension='', is_directory=False, parent='/Users/antonkonycev/Library/Containers/Mail.Ru.DiskO.as/Data/Disk-O.as.mounts/banderas91@mail.ru-mailru/Geek/HW_Python/python_HW/.git/objects/cd')
INFO:root:File: DirectoryInfo(name='b3ae273df46a8e48bc90f732ed4d4ed6ae11d2', extension='', is_directory=False, parent='/Users/antonkonycev/Library/Containers/Mail.Ru.DiskO.as/Data/Disk-O.as.mounts/banderas91@mail.ru-mailru/Geek/HW_Python/python_HW/.git/objects/d0')
INFO:root:File: DirectoryInfo(name='3d7091a503019812dcba4183fcd6ee827d5d1b', extension='', is_directory=False, parent='/Users/antonkonycev/Library/Containers/Mail.Ru.DiskO.as/Data/Disk-O.as.mounts/banderas91@mail.ru-mailru/Geek/HW_Python/python_HW/.git/objects/d4')
INFO:root:File: DirectoryInfo(name='752aa9181d6399a971349ae779472f79564cc1', extension='', is_directory=False, parent='/Users/antonkonycev/Library/Containers/Mail.Ru.DiskO.as/Data/Disk-O.as.mounts/banderas91@mail.ru-mailru/Geek/HW_Python/python_HW/.git/objects/d4')
INFO:root:File: DirectoryInfo(name='89ea0a9a410248abf630f71c998c065925e66e', extension='', is_directory=False, parent='/Users/antonkonycev/Library/Containers/Mail.Ru.DiskO.as/Data/Disk-O.as.mounts/banderas91@mail.ru-mailru/Geek/HW_Python/python_HW/.git/objects/d4')
INFO:root:File: DirectoryInfo(name='8e25fa8ce9246c44ae135391a5076e29e07cac', extension='', is_directory=False, parent='/Users/antonkonycev/Library/Containers/Mail.Ru.DiskO.as/Data/Disk-O.as.mounts/banderas91@mail.ru-mailru/Geek/HW_Python/python_HW/.git/objects/d4')
INFO:root:File: DirectoryInfo(name='cd4ef2e5ee984af622f10cd7a21791d4203c21', extension='', is_directory=False, parent='/Users/antonkonycev/Library/Containers/Mail.Ru.DiskO.as/Data/Disk-O.as.mounts/banderas91@mail.ru-mailru/Geek/HW_Python/python_HW/.git/objects/d5')
INFO:root:File: DirectoryInfo(name='8084ab4d597f7020b53f8d32570f0384ae509c', extension='', is_directory=False, parent='/Users/antonkonycev/Library/Containers/Mail.Ru.DiskO.as/Data/Disk-O.as.mounts/banderas91@mail.ru-mailru/Geek/HW_Python/python_HW/.git/objects/d6')
INFO:root:File: DirectoryInfo(name='43ee6f1fa504e3c8e8e7e9248528a17400c833', extension='', is_directory=False, parent='/Users/antonkonycev/Library/Containers/Mail.Ru.DiskO.as/Data/Disk-O.as.mounts/banderas91@mail.ru-mailru/Geek/HW_Python/python_HW/.git/objects/d7')
INFO:root:File: DirectoryInfo(name='5109d92b5efd8e3d2f3bc25701816a631bc496', extension='', is_directory=False, parent='/Users/antonkonycev/Library/Containers/Mail.Ru.DiskO.as/Data/Disk-O.as.mounts/banderas91@mail.ru-mailru/Geek/HW_Python/python_HW/.git/objects/df')
INFO:root:File: DirectoryInfo(name='9faf220d1c8a48dac2fbbe32b86487393faa7b', extension='', is_directory=False, parent='/Users/antonkonycev/Library/Containers/Mail.Ru.DiskO.as/Data/Disk-O.as.mounts/banderas91@mail.ru-mailru/Geek/HW_Python/python_HW/.git/objects/e0')
INFO:root:File: DirectoryInfo(name='107708d3783655034dbccb264e9c30ef87c561', extension='', is_directory=False, parent='/Users/antonkonycev/Library/Containers/Mail.Ru.DiskO.as/Data/Disk-O.as.mounts/banderas91@mail.ru-mailru/Geek/HW_Python/python_HW/.git/objects/e2')
INFO:root:File: DirectoryInfo(name='44daed412947f78cbfd4b8a9c56796b5a84022', extension='', is_directory=False, parent='/Users/antonkonycev/Library/Containers/Mail.Ru.DiskO.as/Data/Disk-O.as.mounts/banderas91@mail.ru-mailru/Geek/HW_Python/python_HW/.git/objects/e6')
INFO:root:File: DirectoryInfo(name='58af96997f7df6d7fc7637a998ce60029dbd78', extension='', is_directory=False, parent='/Users/antonkonycev/Library/Containers/Mail.Ru.DiskO.as/Data/Disk-O.as.mounts/banderas91@mail.ru-mailru/Geek/HW_Python/python_HW/.git/objects/e7')
INFO:root:File: DirectoryInfo(name='890c8dacc97a0e796c0ed0560ea98f3e29824e', extension='', is_directory=False, parent='/Users/antonkonycev/Library/Containers/Mail.Ru.DiskO.as/Data/Disk-O.as.mounts/banderas91@mail.ru-mailru/Geek/HW_Python/python_HW/.git/objects/e8')
INFO:root:File: DirectoryInfo(name='85bb4f9106cc9513f8857c0b95a26a94a88a58', extension='', is_directory=False, parent='/Users/antonkonycev/Library/Containers/Mail.Ru.DiskO.as/Data/Disk-O.as.mounts/banderas91@mail.ru-mailru/Geek/HW_Python/python_HW/.git/objects/e9')
INFO:root:File: DirectoryInfo(name='cf6a994007219b8ad5a3ca5be90fa1d6406852', extension='', is_directory=False, parent='/Users/antonkonycev/Library/Containers/Mail.Ru.DiskO.as/Data/Disk-O.as.mounts/banderas91@mail.ru-mailru/Geek/HW_Python/python_HW/.git/objects/ed')
INFO:root:File: DirectoryInfo(name='79237080cd56a08a742411b7fd646e86f4948a', extension='', is_directory=False, parent='/Users/antonkonycev/Library/Containers/Mail.Ru.DiskO.as/Data/Disk-O.as.mounts/banderas91@mail.ru-mailru/Geek/HW_Python/python_HW/.git/objects/f4')
INFO:root:File: DirectoryInfo(name='e30cd21040086c516ff6cd53b1607aca5b95e8', extension='', is_directory=False, parent='/Users/antonkonycev/Library/Containers/Mail.Ru.DiskO.as/Data/Disk-O.as.mounts/banderas91@mail.ru-mailru/Geek/HW_Python/python_HW/.git/objects/f5')
INFO:root:File: DirectoryInfo(name='d9b87b2079fc28acc8053602bae1935431c1de', extension='', is_directory=False, parent='/Users/antonkonycev/Library/Containers/Mail.Ru.DiskO.as/Data/Disk-O.as.mounts/banderas91@mail.ru-mailru/Geek/HW_Python/python_HW/.git/objects/fa')
INFO:root:File: DirectoryInfo(name='9dca64a5c3edaff71844b0f54c330912b5f0be', extension='', is_directory=False, parent='/Users/antonkonycev/Library/Containers/Mail.Ru.DiskO.as/Data/Disk-O.as.mounts/banderas91@mail.ru-mailru/Geek/HW_Python/python_HW/.git/objects/fc')
INFO:root:File: DirectoryInfo(name='3ba8f7554cbd40623804fd4495a6ee6622991f', extension='', is_directory=False, parent='/Users/antonkonycev/Library/Containers/Mail.Ru.DiskO.as/Data/Disk-O.as.mounts/banderas91@mail.ru-mailru/Geek/HW_Python/python_HW/.git/objects/ff')
INFO:root:File: DirectoryInfo(name='ec7527d6b640532b91faf4ef0b61de187c564a', extension='', is_directory=False, parent='/Users/antonkonycev/Library/Containers/Mail.Ru.DiskO.as/Data/Disk-O.as.mounts/banderas91@mail.ru-mailru/Geek/HW_Python/python_HW/.git/objects/ff')
INFO:root:File: DirectoryInfo(name='pack-970487706ca8624aad7bc80fc45dcab116765833', extension='.idx', is_directory=False, parent='/Users/antonkonycev/Library/Containers/Mail.Ru.DiskO.as/Data/Disk-O.as.mounts/banderas91@mail.ru-mailru/Geek/HW_Python/python_HW/.git/objects/pack')
INFO:root:File: DirectoryInfo(name='pack-970487706ca8624aad7bc80fc45dcab116765833', extension='.pack', is_directory=False, parent='/Users/antonkonycev/Library/Containers/Mail.Ru.DiskO.as/Data/Disk-O.as.mounts/banderas91@mail.ru-mailru/Geek/HW_Python/python_HW/.git/objects/pack')
INFO:root:Directory: DirectoryInfo(name='heads', extension=None, is_directory=True, parent='/Users/antonkonycev/Library/Containers/Mail.Ru.DiskO.as/Data/Disk-O.as.mounts/banderas91@mail.ru-mailru/Geek/HW_Python/python_HW/.git/refs')
INFO:root:Directory: DirectoryInfo(name='remotes', extension=None, is_directory=True, parent='/Users/antonkonycev/Library/Containers/Mail.Ru.DiskO.as/Data/Disk-O.as.mounts/banderas91@mail.ru-mailru/Geek/HW_Python/python_HW/.git/refs')
INFO:root:Directory: DirectoryInfo(name='tags', extension=None, is_directory=True, parent='/Users/antonkonycev/Library/Containers/Mail.Ru.DiskO.as/Data/Disk-O.as.mounts/banderas91@mail.ru-mailru/Geek/HW_Python/python_HW/.git/refs')
INFO:root:File: DirectoryInfo(name='HW12', extension='', is_directory=False, parent='/Users/antonkonycev/Library/Containers/Mail.Ru.DiskO.as/Data/Disk-O.as.mounts/banderas91@mail.ru-mailru/Geek/HW_Python/python_HW/.git/refs/heads')
INFO:root:File: DirectoryInfo(name='HW_1', extension='', is_directory=False, parent='/Users/antonkonycev/Library/Containers/Mail.Ru.DiskO.as/Data/Disk-O.as.mounts/banderas91@mail.ru-mailru/Geek/HW_Python/python_HW/.git/refs/heads')
INFO:root:File: DirectoryInfo(name='HW_10', extension='', is_directory=False, parent='/Users/antonkonycev/Library/Containers/Mail.Ru.DiskO.as/Data/Disk-O.as.mounts/banderas91@mail.ru-mailru/Geek/HW_Python/python_HW/.git/refs/heads')
INFO:root:File: DirectoryInfo(name='HW_11', extension='', is_directory=False, parent='/Users/antonkonycev/Library/Containers/Mail.Ru.DiskO.as/Data/Disk-O.as.mounts/banderas91@mail.ru-mailru/Geek/HW_Python/python_HW/.git/refs/heads')
INFO:root:File: DirectoryInfo(name='HW_13', extension='', is_directory=False, parent='/Users/antonkonycev/Library/Containers/Mail.Ru.DiskO.as/Data/Disk-O.as.mounts/banderas91@mail.ru-mailru/Geek/HW_Python/python_HW/.git/refs/heads')
INFO:root:File: DirectoryInfo(name='HW_14', extension='', is_directory=False, parent='/Users/antonkonycev/Library/Containers/Mail.Ru.DiskO.as/Data/Disk-O.as.mounts/banderas91@mail.ru-mailru/Geek/HW_Python/python_HW/.git/refs/heads')
INFO:root:File: DirectoryInfo(name='HW_2', extension='', is_directory=False, parent='/Users/antonkonycev/Library/Containers/Mail.Ru.DiskO.as/Data/Disk-O.as.mounts/banderas91@mail.ru-mailru/Geek/HW_Python/python_HW/.git/refs/heads')
INFO:root:File: DirectoryInfo(name='HW_3', extension='', is_directory=False, parent='/Users/antonkonycev/Library/Containers/Mail.Ru.DiskO.as/Data/Disk-O.as.mounts/banderas91@mail.ru-mailru/Geek/HW_Python/python_HW/.git/refs/heads')
INFO:root:File: DirectoryInfo(name='HW_4', extension='', is_directory=False, parent='/Users/antonkonycev/Library/Containers/Mail.Ru.DiskO.as/Data/Disk-O.as.mounts/banderas91@mail.ru-mailru/Geek/HW_Python/python_HW/.git/refs/heads')
INFO:root:File: DirectoryInfo(name='HW_5', extension='', is_directory=False, parent='/Users/antonkonycev/Library/Containers/Mail.Ru.DiskO.as/Data/Disk-O.as.mounts/banderas91@mail.ru-mailru/Geek/HW_Python/python_HW/.git/refs/heads')
INFO:root:File: DirectoryInfo(name='HW_6', extension='', is_directory=False, parent='/Users/antonkonycev/Library/Containers/Mail.Ru.DiskO.as/Data/Disk-O.as.mounts/banderas91@mail.ru-mailru/Geek/HW_Python/python_HW/.git/refs/heads')
INFO:root:File: DirectoryInfo(name='HW_7', extension='', is_directory=False, parent='/Users/antonkonycev/Library/Containers/Mail.Ru.DiskO.as/Data/Disk-O.as.mounts/banderas91@mail.ru-mailru/Geek/HW_Python/python_HW/.git/refs/heads')
INFO:root:File: DirectoryInfo(name='HW_8', extension='', is_directory=False, parent='/Users/antonkonycev/Library/Containers/Mail.Ru.DiskO.as/Data/Disk-O.as.mounts/banderas91@mail.ru-mailru/Geek/HW_Python/python_HW/.git/refs/heads')
INFO:root:File: DirectoryInfo(name='HW_9', extension='', is_directory=False, parent='/Users/antonkonycev/Library/Containers/Mail.Ru.DiskO.as/Data/Disk-O.as.mounts/banderas91@mail.ru-mailru/Geek/HW_Python/python_HW/.git/refs/heads')
INFO:root:File: DirectoryInfo(name='main', extension='', is_directory=False, parent='/Users/antonkonycev/Library/Containers/Mail.Ru.DiskO.as/Data/Disk-O.as.mounts/banderas91@mail.ru-mailru/Geek/HW_Python/python_HW/.git/refs/heads')
INFO:root:Directory: DirectoryInfo(name='origin', extension=None, is_directory=True, parent='/Users/antonkonycev/Library/Containers/Mail.Ru.DiskO.as/Data/Disk-O.as.mounts/banderas91@mail.ru-mailru/Geek/HW_Python/python_HW/.git/refs/remotes')
INFO:root:File: DirectoryInfo(name='HEAD', extension='', is_directory=False, parent='/Users/antonkonycev/Library/Containers/Mail.Ru.DiskO.as/Data/Disk-O.as.mounts/banderas91@mail.ru-mailru/Geek/HW_Python/python_HW/.git/refs/remotes/origin')
INFO:root:File: DirectoryInfo(name='HW12', extension='', is_directory=False, parent='/Users/antonkonycev/Library/Containers/Mail.Ru.DiskO.as/Data/Disk-O.as.mounts/banderas91@mail.ru-mailru/Geek/HW_Python/python_HW/.git/refs/remotes/origin')
INFO:root:File: DirectoryInfo(name='HW_1', extension='', is_directory=False, parent='/Users/antonkonycev/Library/Containers/Mail.Ru.DiskO.as/Data/Disk-O.as.mounts/banderas91@mail.ru-mailru/Geek/HW_Python/python_HW/.git/refs/remotes/origin')
INFO:root:File: DirectoryInfo(name='HW_10', extension='', is_directory=False, parent='/Users/antonkonycev/Library/Containers/Mail.Ru.DiskO.as/Data/Disk-O.as.mounts/banderas91@mail.ru-mailru/Geek/HW_Python/python_HW/.git/refs/remotes/origin')
INFO:root:File: DirectoryInfo(name='HW_11', extension='', is_directory=False, parent='/Users/antonkonycev/Library/Containers/Mail.Ru.DiskO.as/Data/Disk-O.as.mounts/banderas91@mail.ru-mailru/Geek/HW_Python/python_HW/.git/refs/remotes/origin')
INFO:root:File: DirectoryInfo(name='HW_13', extension='', is_directory=False, parent='/Users/antonkonycev/Library/Containers/Mail.Ru.DiskO.as/Data/Disk-O.as.mounts/banderas91@mail.ru-mailru/Geek/HW_Python/python_HW/.git/refs/remotes/origin')
INFO:root:File: DirectoryInfo(name='HW_14', extension='', is_directory=False, parent='/Users/antonkonycev/Library/Containers/Mail.Ru.DiskO.as/Data/Disk-O.as.mounts/banderas91@mail.ru-mailru/Geek/HW_Python/python_HW/.git/refs/remotes/origin')
INFO:root:File: DirectoryInfo(name='HW_2', extension='', is_directory=False, parent='/Users/antonkonycev/Library/Containers/Mail.Ru.DiskO.as/Data/Disk-O.as.mounts/banderas91@mail.ru-mailru/Geek/HW_Python/python_HW/.git/refs/remotes/origin')
INFO:root:File: DirectoryInfo(name='HW_3', extension='', is_directory=False, parent='/Users/antonkonycev/Library/Containers/Mail.Ru.DiskO.as/Data/Disk-O.as.mounts/banderas91@mail.ru-mailru/Geek/HW_Python/python_HW/.git/refs/remotes/origin')
INFO:root:File: DirectoryInfo(name='HW_4', extension='', is_directory=False, parent='/Users/antonkonycev/Library/Containers/Mail.Ru.DiskO.as/Data/Disk-O.as.mounts/banderas91@mail.ru-mailru/Geek/HW_Python/python_HW/.git/refs/remotes/origin')
INFO:root:File: DirectoryInfo(name='HW_5', extension='', is_directory=False, parent='/Users/antonkonycev/Library/Containers/Mail.Ru.DiskO.as/Data/Disk-O.as.mounts/banderas91@mail.ru-mailru/Geek/HW_Python/python_HW/.git/refs/remotes/origin')
INFO:root:File: DirectoryInfo(name='HW_6', extension='', is_directory=False, parent='/Users/antonkonycev/Library/Containers/Mail.Ru.DiskO.as/Data/Disk-O.as.mounts/banderas91@mail.ru-mailru/Geek/HW_Python/python_HW/.git/refs/remotes/origin')
INFO:root:File: DirectoryInfo(name='HW_7', extension='', is_directory=False, parent='/Users/antonkonycev/Library/Containers/Mail.Ru.DiskO.as/Data/Disk-O.as.mounts/banderas91@mail.ru-mailru/Geek/HW_Python/python_HW/.git/refs/remotes/origin')
INFO:root:File: DirectoryInfo(name='HW_8', extension='', is_directory=False, parent='/Users/antonkonycev/Library/Containers/Mail.Ru.DiskO.as/Data/Disk-O.as.mounts/banderas91@mail.ru-mailru/Geek/HW_Python/python_HW/.git/refs/remotes/origin')
INFO:root:File: DirectoryInfo(name='HW_9', extension='', is_directory=False, parent='/Users/antonkonycev/Library/Containers/Mail.Ru.DiskO.as/Data/Disk-O.as.mounts/banderas91@mail.ru-mailru/Geek/HW_Python/python_HW/.git/refs/remotes/origin')
INFO:root:File: DirectoryInfo(name='main', extension='', is_directory=False, parent='/Users/antonkonycev/Library/Containers/Mail.Ru.DiskO.as/Data/Disk-O.as.mounts/banderas91@mail.ru-mailru/Geek/HW_Python/python_HW/.git/refs/remotes/origin')
INFO:root:Directory: DirectoryInfo(name='v', extension=None, is_directory=True, parent='/Users/antonkonycev/Library/Containers/Mail.Ru.DiskO.as/Data/Disk-O.as.mounts/banderas91@mail.ru-mailru/Geek/HW_Python/python_HW/.pytest_cache')
INFO:root:File: DirectoryInfo(name='.gitignore', extension='', is_directory=False, parent='/Users/antonkonycev/Library/Containers/Mail.Ru.DiskO.as/Data/Disk-O.as.mounts/banderas91@mail.ru-mailru/Geek/HW_Python/python_HW/.pytest_cache')
INFO:root:File: DirectoryInfo(name='CACHEDIR', extension='.TAG', is_directory=False, parent='/Users/antonkonycev/Library/Containers/Mail.Ru.DiskO.as/Data/Disk-O.as.mounts/banderas91@mail.ru-mailru/Geek/HW_Python/python_HW/.pytest_cache')
INFO:root:File: DirectoryInfo(name='README', extension='.md', is_directory=False, parent='/Users/antonkonycev/Library/Containers/Mail.Ru.DiskO.as/Data/Disk-O.as.mounts/banderas91@mail.ru-mailru/Geek/HW_Python/python_HW/.pytest_cache')
INFO:root:Directory: DirectoryInfo(name='cache', extension=None, is_directory=True, parent='/Users/antonkonycev/Library/Containers/Mail.Ru.DiskO.as/Data/Disk-O.as.mounts/banderas91@mail.ru-mailru/Geek/HW_Python/python_HW/.pytest_cache/v')
INFO:root:File: DirectoryInfo(name='nodeids', extension='', is_directory=False, parent='/Users/antonkonycev/Library/Containers/Mail.Ru.DiskO.as/Data/Disk-O.as.mounts/banderas91@mail.ru-mailru/Geek/HW_Python/python_HW/.pytest_cache/v/cache')
INFO:root:File: DirectoryInfo(name='stepwise', extension='', is_directory=False, parent='/Users/antonkonycev/Library/Containers/Mail.Ru.DiskO.as/Data/Disk-O.as.mounts/banderas91@mail.ru-mailru/Geek/HW_Python/python_HW/.pytest_cache/v/cache')
INFO:root:File: DirectoryInfo(name='settings', extension='.json', is_directory=False, parent='/Users/antonkonycev/Library/Containers/Mail.Ru.DiskO.as/Data/Disk-O.as.mounts/banderas91@mail.ru-mailru/Geek/HW_Python/python_HW/.vscode')
INFO:root:File: DirectoryInfo(name='.DS_Store', extension='', is_directory=False, parent='/Users/antonkonycev/Library/Containers/Mail.Ru.DiskO.as/Data/Disk-O.as.mounts/banderas91@mail.ru-mailru/Geek/HW_Python/python_HW/HW12')
INFO:root:File: DirectoryInfo(name='Student', extension='.py', is_directory=False, parent='/Users/antonkonycev/Library/Containers/Mail.Ru.DiskO.as/Data/Disk-O.as.mounts/banderas91@mail.ru-mailru/Geek/HW_Python/python_HW/HW12')
INFO:root:File: DirectoryInfo(name='subjects', extension='.csv', is_directory=False, parent='/Users/antonkonycev/Library/Containers/Mail.Ru.DiskO.as/Data/Disk-O.as.mounts/banderas91@mail.ru-mailru/Geek/HW_Python/python_HW/HW12')
INFO:root:File: DirectoryInfo(name='task_1', extension='.py', is_directory=False, parent='/Users/antonkonycev/Library/Containers/Mail.Ru.DiskO.as/Data/Disk-O.as.mounts/banderas91@mail.ru-mailru/Geek/HW_Python/python_HW/HW_1')
INFO:root:File: DirectoryInfo(name='task_2', extension='.py', is_directory=False, parent='/Users/antonkonycev/Library/Containers/Mail.Ru.DiskO.as/Data/Disk-O.as.mounts/banderas91@mail.ru-mailru/Geek/HW_Python/python_HW/HW_1')
INFO:root:File: DirectoryInfo(name='task_3', extension='.py', is_directory=False, parent='/Users/antonkonycev/Library/Containers/Mail.Ru.DiskO.as/Data/Disk-O.as.mounts/banderas91@mail.ru-mailru/Geek/HW_Python/python_HW/HW_1')
INFO:root:File: DirectoryInfo(name='task_5', extension='.py', is_directory=False, parent='/Users/antonkonycev/Library/Containers/Mail.Ru.DiskO.as/Data/Disk-O.as.mounts/banderas91@mail.ru-mailru/Geek/HW_Python/python_HW/HW_1')
INFO:root:File: DirectoryInfo(name='task_1', extension='.py', is_directory=False, parent='/Users/antonkonycev/Library/Containers/Mail.Ru.DiskO.as/Data/Disk-O.as.mounts/banderas91@mail.ru-mailru/Geek/HW_Python/python_HW/HW_10')
INFO:root:File: DirectoryInfo(name='task_2', extension='.py', is_directory=False, parent='/Users/antonkonycev/Library/Containers/Mail.Ru.DiskO.as/Data/Disk-O.as.mounts/banderas91@mail.ru-mailru/Geek/HW_Python/python_HW/HW_10')
INFO:root:File: DirectoryInfo(name='task_1', extension='.py', is_directory=False, parent='/Users/antonkonycev/Library/Containers/Mail.Ru.DiskO.as/Data/Disk-O.as.mounts/banderas91@mail.ru-mailru/Geek/HW_Python/python_HW/HW_11')
INFO:root:File: DirectoryInfo(name='task_1', extension='.py', is_directory=False, parent='/Users/antonkonycev/Library/Containers/Mail.Ru.DiskO.as/Data/Disk-O.as.mounts/banderas91@mail.ru-mailru/Geek/HW_Python/python_HW/HW_13')
INFO:root:File: DirectoryInfo(name='users', extension='.json', is_directory=False, parent='/Users/antonkonycev/Library/Containers/Mail.Ru.DiskO.as/Data/Disk-O.as.mounts/banderas91@mail.ru-mailru/Geek/HW_Python/python_HW/HW_13')
INFO:root:File: DirectoryInfo(name='project', extension='.py', is_directory=False, parent='/Users/antonkonycev/Library/Containers/Mail.Ru.DiskO.as/Data/Disk-O.as.mounts/banderas91@mail.ru-mailru/Geek/HW_Python/python_HW/HW_14')
INFO:root:File: DirectoryInfo(name='test_project', extension='.py', is_directory=False, parent='/Users/antonkonycev/Library/Containers/Mail.Ru.DiskO.as/Data/Disk-O.as.mounts/banderas91@mail.ru-mailru/Geek/HW_Python/python_HW/HW_14')
INFO:root:File: DirectoryInfo(name='users', extension='.json', is_directory=False, parent='/Users/antonkonycev/Library/Containers/Mail.Ru.DiskO.as/Data/Disk-O.as.mounts/banderas91@mail.ru-mailru/Geek/HW_Python/python_HW/HW_14')
INFO:root:File: DirectoryInfo(name='directory_info', extension='.log', is_directory=False, parent='/Users/antonkonycev/Library/Containers/Mail.Ru.DiskO.as/Data/Disk-O.as.mounts/banderas91@mail.ru-mailru/Geek/HW_Python/python_HW/HW_15')
INFO:root:File: DirectoryInfo(name='task_1', extension='.py', is_directory=False, parent='/Users/antonkonycev/Library/Containers/Mail.Ru.DiskO.as/Data/Disk-O.as.mounts/banderas91@mail.ru-mailru/Geek/HW_Python/python_HW/HW_15')
INFO:root:File: DirectoryInfo(name='task_1', extension='.py', is_directory=False, parent='/Users/antonkonycev/Library/Containers/Mail.Ru.DiskO.as/Data/Disk-O.as.mounts/banderas91@mail.ru-mailru/Geek/HW_Python/python_HW/HW_2')
INFO:root:File: DirectoryInfo(name='task_2', extension='.py', is_directory=False, parent='/Users/antonkonycev/Library/Containers/Mail.Ru.DiskO.as/Data/Disk-O.as.mounts/banderas91@mail.ru-mailru/Geek/HW_Python/python_HW/HW_2')
INFO:root:File: DirectoryInfo(name='task_1', extension='.py', is_directory=False, parent='/Users/antonkonycev/Library/Containers/Mail.Ru.DiskO.as/Data/Disk-O.as.mounts/banderas91@mail.ru-mailru/Geek/HW_Python/python_HW/HW_3')
INFO:root:File: DirectoryInfo(name='task_2', extension='.py', is_directory=False, parent='/Users/antonkonycev/Library/Containers/Mail.Ru.DiskO.as/Data/Disk-O.as.mounts/banderas91@mail.ru-mailru/Geek/HW_Python/python_HW/HW_3')
INFO:root:File: DirectoryInfo(name='task_3', extension='.py', is_directory=False, parent='/Users/antonkonycev/Library/Containers/Mail.Ru.DiskO.as/Data/Disk-O.as.mounts/banderas91@mail.ru-mailru/Geek/HW_Python/python_HW/HW_3')
INFO:root:File: DirectoryInfo(name='task_4', extension='.py', is_directory=False, parent='/Users/antonkonycev/Library/Containers/Mail.Ru.DiskO.as/Data/Disk-O.as.mounts/banderas91@mail.ru-mailru/Geek/HW_Python/python_HW/HW_3')
INFO:root:File: DirectoryInfo(name='task_1', extension='.py', is_directory=False, parent='/Users/antonkonycev/Library/Containers/Mail.Ru.DiskO.as/Data/Disk-O.as.mounts/banderas91@mail.ru-mailru/Geek/HW_Python/python_HW/HW_4')
INFO:root:File: DirectoryInfo(name='task_2', extension='.py', is_directory=False, parent='/Users/antonkonycev/Library/Containers/Mail.Ru.DiskO.as/Data/Disk-O.as.mounts/banderas91@mail.ru-mailru/Geek/HW_Python/python_HW/HW_4')
INFO:root:File: DirectoryInfo(name='task_3', extension='.py', is_directory=False, parent='/Users/antonkonycev/Library/Containers/Mail.Ru.DiskO.as/Data/Disk-O.as.mounts/banderas91@mail.ru-mailru/Geek/HW_Python/python_HW/HW_4')
INFO:root:File: DirectoryInfo(name='task_4', extension='.py', is_directory=False, parent='/Users/antonkonycev/Library/Containers/Mail.Ru.DiskO.as/Data/Disk-O.as.mounts/banderas91@mail.ru-mailru/Geek/HW_Python/python_HW/HW_4')
INFO:root:File: DirectoryInfo(name='task_1', extension='.py', is_directory=False, parent='/Users/antonkonycev/Library/Containers/Mail.Ru.DiskO.as/Data/Disk-O.as.mounts/banderas91@mail.ru-mailru/Geek/HW_Python/python_HW/HW_5')
INFO:root:File: DirectoryInfo(name='task_2', extension='.py', is_directory=False, parent='/Users/antonkonycev/Library/Containers/Mail.Ru.DiskO.as/Data/Disk-O.as.mounts/banderas91@mail.ru-mailru/Geek/HW_Python/python_HW/HW_5')
INFO:root:File: DirectoryInfo(name='task_3', extension='.py', is_directory=False, parent='/Users/antonkonycev/Library/Containers/Mail.Ru.DiskO.as/Data/Disk-O.as.mounts/banderas91@mail.ru-mailru/Geek/HW_Python/python_HW/HW_5')
INFO:root:File: DirectoryInfo(name='chess', extension='.py', is_directory=False, parent='/Users/antonkonycev/Library/Containers/Mail.Ru.DiskO.as/Data/Disk-O.as.mounts/banderas91@mail.ru-mailru/Geek/HW_Python/python_HW/HW_6')
INFO:root:File: DirectoryInfo(name='result_task_2', extension='.png', is_directory=False, parent='/Users/antonkonycev/Library/Containers/Mail.Ru.DiskO.as/Data/Disk-O.as.mounts/banderas91@mail.ru-mailru/Geek/HW_Python/python_HW/HW_6')
INFO:root:File: DirectoryInfo(name='task_1_chess', extension='.py', is_directory=False, parent='/Users/antonkonycev/Library/Containers/Mail.Ru.DiskO.as/Data/Disk-O.as.mounts/banderas91@mail.ru-mailru/Geek/HW_Python/python_HW/HW_6')
INFO:root:File: DirectoryInfo(name='task_2_chess', extension='.py', is_directory=False, parent='/Users/antonkonycev/Library/Containers/Mail.Ru.DiskO.as/Data/Disk-O.as.mounts/banderas91@mail.ru-mailru/Geek/HW_Python/python_HW/HW_6')
INFO:root:File: DirectoryInfo(name='.DS_Store', extension='', is_directory=False, parent='/Users/antonkonycev/Library/Containers/Mail.Ru.DiskO.as/Data/Disk-O.as.mounts/banderas91@mail.ru-mailru/Geek/HW_Python/python_HW/HW_7')
INFO:root:File: DirectoryInfo(name='primer_new_name_1', extension='.json', is_directory=False, parent='/Users/antonkonycev/Library/Containers/Mail.Ru.DiskO.as/Data/Disk-O.as.mounts/banderas91@mail.ru-mailru/Geek/HW_Python/python_HW/HW_7')
INFO:root:File: DirectoryInfo(name='task_1', extension='.py', is_directory=False, parent='/Users/antonkonycev/Library/Containers/Mail.Ru.DiskO.as/Data/Disk-O.as.mounts/banderas91@mail.ru-mailru/Geek/HW_Python/python_HW/HW_7')
INFO:root:File: DirectoryInfo(name='task_1', extension='.py', is_directory=False, parent='/Users/antonkonycev/Library/Containers/Mail.Ru.DiskO.as/Data/Disk-O.as.mounts/banderas91@mail.ru-mailru/Geek/HW_Python/python_HW/HW_8')
INFO:root:File: DirectoryInfo(name='task_2', extension='.py', is_directory=False, parent='/Users/antonkonycev/Library/Containers/Mail.Ru.DiskO.as/Data/Disk-O.as.mounts/banderas91@mail.ru-mailru/Geek/HW_Python/python_HW/HW_8')
INFO:root:File: DirectoryInfo(name='task_3', extension='.py', is_directory=False, parent='/Users/antonkonycev/Library/Containers/Mail.Ru.DiskO.as/Data/Disk-O.as.mounts/banderas91@mail.ru-mailru/Geek/HW_Python/python_HW/HW_8')
INFO:root:File: DirectoryInfo(name='task_1', extension='.py', is_directory=False, parent='/Users/antonkonycev/Library/Containers/Mail.Ru.DiskO.as/Data/Disk-O.as.mounts/banderas91@mail.ru-mailru/Geek/HW_Python/python_HW/HW_9')
